<?xml version="1.0" encoding="utf-8"?>
<CoverageSession>
  <Summary numSequencePoints="523" visitedSequencePoints="371" numBranchPoints="200" visitedBranchPoints="131" sequenceCoverage="70.93" branchCoverage="65.5" maxCyclomaticComplexity="297" minCyclomaticComplexity="297" visitedClasses="18" numClasses="18" visitedMethods="97" numMethods="129" />
  <Modules>
    <Module hash="5F1206A3-921C-4B04-AE45-C73DFBADC0CA">
      <ModulePath>Marsop.Ephemeral.dll</ModulePath>
      <ModuleTime>2026-06-21T06:34:17</ModuleTime>
      <ModuleName>Marsop.Ephemeral</ModuleName>
      <Files>
        <File uid="1" fullPath="/app/Marsop.Ephemeral/Temporal/DateTimeOffsetInterval.cs" />
        <File uid="2" fullPath="/app/Marsop.Ephemeral/Temporal/DateTimeOffsetStandardLengthOperator.cs" />
        <File uid="3" fullPath="/app/Marsop.Ephemeral/Numerics/DoubleInterval.cs" />
        <File uid="4" fullPath="/app/Marsop.Ephemeral/Numerics/DoubleStandardLengthOperator.cs" />
        <File uid="5" fullPath="/app/Marsop.Ephemeral/Numerics/IntInterval.cs" />
        <File uid="6" fullPath="/app/Marsop.Ephemeral/Numerics/IntStandardLengthOperator.cs" />
        <File uid="7" fullPath="/app/Marsop.Ephemeral/Core/Exceptions/InvalidLengthException.cs" />
        <File uid="8" fullPath="/app/Marsop.Ephemeral/Core/Exceptions/OverlapException.cs" />
        <File uid="9" fullPath="/app/Marsop.Ephemeral/Core/Extensions/BasicIntervalExtensions.cs" />
        <File uid="10" fullPath="/app/Marsop.Ephemeral/Core/Extensions/ComparableExtensions.cs" />
        <File uid="11" fullPath="/app/Marsop.Ephemeral/Core/Extensions/FullIntervalExtensions.cs" />
        <File uid="12" fullPath="/app/Marsop.Ephemeral/Core/Extensions/IntervalSetExtensions.cs" />
        <File uid="13" fullPath="/app/Marsop.Ephemeral/Core/Implementation/AbstractMeasuredInterval.cs" />
        <File uid="14" fullPath="/app/Marsop.Ephemeral/Core/Implementation/BasicInterval.cs" />
        <File uid="15" fullPath="/app/Marsop.Ephemeral/Core/Implementation/BasicMeasuredInterval.cs" />
        <File uid="16" fullPath="/app/Marsop.Ephemeral/Core/Implementation/DisjointIntervalSet.cs" />
        <File uid="17" fullPath="/app/Marsop.Ephemeral/Core/Implementation/FullInterval.cs" />
        <File uid="18" fullPath="/app/Marsop.Ephemeral/Core/Implementation/IntervalStartComparer.cs" />
      </Files>
      <Classes>
        <Class>
          <Summary numSequencePoints="11" visitedSequencePoints="4" numBranchPoints="0" visitedBranchPoints="0" sequenceCoverage="36.36" branchCoverage="100" maxCyclomaticComplexity="1" minCyclomaticComplexity="1" visitedClasses="1" numClasses="1" visitedMethods="2" numMethods="7" />
          <FullName>Marsop.Ephemeral.Temporal.DateTimeOffsetInterval</FullName>
          <Methods>
            <Method cyclomaticComplexity="1" nPathComplexity="1" sequenceCoverage="100" branchCoverage="100" isConstructor="False" isGetter="True" isSetter="False" isStatic="True">
              <Summary numSequencePoints="1" visitedSequencePoints="1" numBranchPoints="0" visitedBranchPoints="0" sequenceCoverage="100" branchCoverage="100" maxCyclomaticComplexity="1" minCyclomaticComplexity="1" visitedClasses="0" numClasses="0" visitedMethods="1" numMethods="1" />
              <MetadataToken />
              <Name>Marsop.Ephemeral.Core.ILengthOperator`2&lt;System.DateTimeOffset,System.TimeSpan&gt; Marsop.Ephemeral.Temporal.DateTimeOffsetInterval::get_Operator()</Name>
              <FileRef uid="1" />
              <SequencePoints>
                <SequencePoint vc="93" uspid="31" ordinal="0" sl="31" sc="1" el="31" ec="2" bec="0" bev="0" fileid="1" />
              </SequencePoints>
              <BranchPoints />
              <MethodPoint vc="1" uspid="0" p8:type="SequencePoint" ordinal="0" offset="0" sc="0" sl="31" ec="1" el="31" bec="0" bev="0" fileid="1" xmlns:p8="xsi" />
            </Method>
            <Method cyclomaticComplexity="1" nPathComplexity="1" sequenceCoverage="0" branchCoverage="100" isConstructor="False" isGetter="False" isSetter="False" isStatic="True">
              <Summary numSequencePoints="1" visitedSequencePoints="0" numBranchPoints="0" visitedBranchPoints="0" sequenceCoverage="0" branchCoverage="100" maxCyclomaticComplexity="1" minCyclomaticComplexity="1" visitedClasses="0" numClasses="0" visitedMethods="0" numMethods="1" />
              <MetadataToken />
              <Name>System.String Marsop.Ephemeral.Temporal.DateTimeOffsetInterval::ToString()</Name>
              <FileRef uid="1" />
              <SequencePoints>
                <SequencePoint vc="0" uspid="33" ordinal="0" sl="33" sc="1" el="33" ec="2" bec="0" bev="0" fileid="1" />
              </SequencePoints>
              <BranchPoints />
              <MethodPoint vc="0" uspid="0" p8:type="SequencePoint" ordinal="1" offset="1" sc="0" sl="33" ec="1" el="33" bec="0" bev="0" fileid="1" xmlns:p8="xsi" />
            </Method>
            <Method cyclomaticComplexity="1" nPathComplexity="1" sequenceCoverage="0" branchCoverage="100" isConstructor="False" isGetter="False" isSetter="False" isStatic="True">
              <Summary numSequencePoints="1" visitedSequencePoints="0" numBranchPoints="0" visitedBranchPoints="0" sequenceCoverage="0" branchCoverage="100" maxCyclomaticComplexity="1" minCyclomaticComplexity="1" visitedClasses="0" numClasses="0" visitedMethods="0" numMethods="1" />
              <MetadataToken />
              <Name>Marsop.Ephemeral.Temporal.DateTimeOffsetInterval Marsop.Ephemeral.Temporal.DateTimeOffsetInterval::CreateClosed(System.DateTimeOffset,System.DateTimeOffset)</Name>
              <FileRef uid="1" />
              <SequencePoints>
                <SequencePoint vc="0" uspid="35" ordinal="0" sl="35" sc="1" el="35" ec="2" bec="0" bev="0" fileid="1" />
              </SequencePoints>
              <BranchPoints />
              <MethodPoint vc="0" uspid="0" p8:type="SequencePoint" ordinal="2" offset="2" sc="0" sl="35" ec="1" el="35" bec="0" bev="0" fileid="1" xmlns:p8="xsi" />
            </Method>
            <Method cyclomaticComplexity="1" nPathComplexity="1" sequenceCoverage="0" branchCoverage="100" isConstructor="False" isGetter="False" isSetter="False" isStatic="True">
              <Summary numSequencePoints="1" visitedSequencePoints="0" numBranchPoints="0" visitedBranchPoints="0" sequenceCoverage="0" branchCoverage="100" maxCyclomaticComplexity="1" minCyclomaticComplexity="1" visitedClasses="0" numClasses="0" visitedMethods="0" numMethods="1" />
              <MetadataToken />
              <Name>Marsop.Ephemeral.Temporal.DateTimeOffsetInterval Marsop.Ephemeral.Temporal.DateTimeOffsetInterval::CreateOpen(System.DateTimeOffset,System.DateTimeOffset)</Name>
              <FileRef uid="1" />
              <SequencePoints>
                <SequencePoint vc="0" uspid="37" ordinal="0" sl="37" sc="1" el="37" ec="2" bec="0" bev="0" fileid="1" />
              </SequencePoints>
              <BranchPoints />
              <MethodPoint vc="0" uspid="0" p8:type="SequencePoint" ordinal="3" offset="3" sc="0" sl="37" ec="1" el="37" bec="0" bev="0" fileid="1" xmlns:p8="xsi" />
            </Method>
            <Method cyclomaticComplexity="1" nPathComplexity="1" sequenceCoverage="0" branchCoverage="100" isConstructor="False" isGetter="False" isSetter="False" isStatic="True">
              <Summary numSequencePoints="1" visitedSequencePoints="0" numBranchPoints="0" visitedBranchPoints="0" sequenceCoverage="0" branchCoverage="100" maxCyclomaticComplexity="1" minCyclomaticComplexity="1" visitedClasses="0" numClasses="0" visitedMethods="0" numMethods="1" />
              <MetadataToken />
              <Name>Marsop.Ephemeral.Temporal.DateTimeOffsetInterval Marsop.Ephemeral.Temporal.DateTimeOffsetInterval::CreatePoint(System.DateTimeOffset)</Name>
              <FileRef uid="1" />
              <SequencePoints>
                <SequencePoint vc="0" uspid="39" ordinal="0" sl="39" sc="1" el="39" ec="2" bec="0" bev="0" fileid="1" />
              </SequencePoints>
              <BranchPoints />
              <MethodPoint vc="0" uspid="0" p8:type="SequencePoint" ordinal="4" offset="4" sc="0" sl="39" ec="1" el="39" bec="0" bev="0" fileid="1" xmlns:p8="xsi" />
            </Method>
            <Method cyclomaticComplexity="1" nPathComplexity="1" sequenceCoverage="0" branchCoverage="100" isConstructor="True" isGetter="False" isSetter="False" isStatic="True">
              <Summary numSequencePoints="3" visitedSequencePoints="0" numBranchPoints="0" visitedBranchPoints="0" sequenceCoverage="0" branchCoverage="100" maxCyclomaticComplexity="1" minCyclomaticComplexity="1" visitedClasses="0" numClasses="0" visitedMethods="0" numMethods="1" />
              <MetadataToken />
              <Name>System.Void Marsop.Ephemeral.Temporal.DateTimeOffsetInterval::.ctor(Marsop.Ephemeral.Temporal.ITimestamped,Marsop.Ephemeral.Temporal.ITimestamped,System.Boolean,System.Boolean)</Name>
              <FileRef uid="1" />
              <SequencePoints>
                <SequencePoint vc="0" uspid="21" ordinal="0" sl="21" sc="1" el="21" ec="2" bec="0" bev="0" fileid="1" />
                <SequencePoint vc="0" uspid="22" ordinal="1" sl="22" sc="1" el="22" ec="2" bec="0" bev="0" fileid="1" />
                <SequencePoint vc="0" uspid="23" ordinal="2" sl="23" sc="1" el="23" ec="2" bec="0" bev="0" fileid="1" />
              </SequencePoints>
              <BranchPoints />
              <MethodPoint vc="0" uspid="0" p8:type="SequencePoint" ordinal="5" offset="5" sc="0" sl="21" ec="1" el="23" bec="0" bev="0" fileid="1" xmlns:p8="xsi" />
            </Method>
            <Method cyclomaticComplexity="1" nPathComplexity="1" sequenceCoverage="100" branchCoverage="100" isConstructor="True" isGetter="False" isSetter="False" isStatic="True">
              <Summary numSequencePoints="3" visitedSequencePoints="3" numBranchPoints="0" visitedBranchPoints="0" sequenceCoverage="100" branchCoverage="100" maxCyclomaticComplexity="1" minCyclomaticComplexity="1" visitedClasses="0" numClasses="0" visitedMethods="1" numMethods="1" />
              <MetadataToken />
              <Name>System.Void Marsop.Ephemeral.Temporal.DateTimeOffsetInterval::.ctor(System.DateTimeOffset,System.DateTimeOffset,System.Boolean,System.Boolean)</Name>
              <FileRef uid="1" />
              <SequencePoints>
                <SequencePoint vc="131" uspid="26" ordinal="0" sl="26" sc="1" el="26" ec="2" bec="0" bev="0" fileid="1" />
                <SequencePoint vc="131" uspid="27" ordinal="1" sl="27" sc="1" el="27" ec="2" bec="0" bev="0" fileid="1" />
                <SequencePoint vc="131" uspid="28" ordinal="2" sl="28" sc="1" el="28" ec="2" bec="0" bev="0" fileid="1" />
              </SequencePoints>
              <BranchPoints />
              <MethodPoint vc="3" uspid="0" p8:type="SequencePoint" ordinal="6" offset="6" sc="0" sl="26" ec="1" el="28" bec="0" bev="0" fileid="1" xmlns:p8="xsi" />
            </Method>
          </Methods>
        </Class>
        <Class>
          <Summary numSequencePoints="6" visitedSequencePoints="6" numBranchPoints="0" visitedBranchPoints="0" sequenceCoverage="100" branchCoverage="100" maxCyclomaticComplexity="1" minCyclomaticComplexity="1" visitedClasses="1" numClasses="1" visitedMethods="6" numMethods="6" />
          <FullName>Marsop.Ephemeral.Temporal.DateTimeOffsetTimeSpanLengthOperator</FullName>
          <Methods>
            <Method cyclomaticComplexity="1" nPathComplexity="1" sequenceCoverage="100" branchCoverage="100" isConstructor="False" isGetter="True" isSetter="False" isStatic="True">
              <Summary numSequencePoints="1" visitedSequencePoints="1" numBranchPoints="0" visitedBranchPoints="0" sequenceCoverage="100" branchCoverage="100" maxCyclomaticComplexity="1" minCyclomaticComplexity="1" visitedClasses="0" numClasses="0" visitedMethods="1" numMethods="1" />
              <MetadataToken />
              <Name>Marsop.Ephemeral.Core.ILengthOperator`2&lt;System.DateTimeOffset,System.TimeSpan&gt; Marsop.Ephemeral.Temporal.DateTimeOffsetTimeSpanLengthOperator::get_Instance()</Name>
              <FileRef uid="2" />
              <SequencePoints>
                <SequencePoint vc="93" uspid="11" ordinal="0" sl="11" sc="1" el="11" ec="2" bec="0" bev="0" fileid="2" />
              </SequencePoints>
              <BranchPoints />
              <MethodPoint vc="1" uspid="0" p8:type="SequencePoint" ordinal="0" offset="0" sc="0" sl="11" ec="1" el="11" bec="0" bev="0" fileid="2" xmlns:p8="xsi" />
            </Method>
            <Method cyclomaticComplexity="1" nPathComplexity="1" sequenceCoverage="100" branchCoverage="100" isConstructor="False" isGetter="False" isSetter="False" isStatic="True">
              <Summary numSequencePoints="1" visitedSequencePoints="1" numBranchPoints="0" visitedBranchPoints="0" sequenceCoverage="100" branchCoverage="100" maxCyclomaticComplexity="1" minCyclomaticComplexity="1" visitedClasses="0" numClasses="0" visitedMethods="1" numMethods="1" />
              <MetadataToken />
              <Name>System.DateTimeOffset Marsop.Ephemeral.Temporal.DateTimeOffsetTimeSpanLengthOperator::Apply(System.DateTimeOffset,System.TimeSpan)</Name>
              <FileRef uid="2" />
              <SequencePoints>
                <SequencePoint vc="26" uspid="15" ordinal="0" sl="15" sc="1" el="15" ec="2" bec="0" bev="0" fileid="2" />
              </SequencePoints>
              <BranchPoints />
              <MethodPoint vc="1" uspid="0" p8:type="SequencePoint" ordinal="1" offset="1" sc="0" sl="15" ec="1" el="15" bec="0" bev="0" fileid="2" xmlns:p8="xsi" />
            </Method>
            <Method cyclomaticComplexity="1" nPathComplexity="1" sequenceCoverage="100" branchCoverage="100" isConstructor="False" isGetter="False" isSetter="False" isStatic="True">
              <Summary numSequencePoints="1" visitedSequencePoints="1" numBranchPoints="0" visitedBranchPoints="0" sequenceCoverage="100" branchCoverage="100" maxCyclomaticComplexity="1" minCyclomaticComplexity="1" visitedClasses="0" numClasses="0" visitedMethods="1" numMethods="1" />
              <MetadataToken />
              <Name>System.TimeSpan Marsop.Ephemeral.Temporal.DateTimeOffsetTimeSpanLengthOperator::Measure(Marsop.Ephemeral.Core.IBasicInterval`1&lt;System.DateTimeOffset&gt;)</Name>
              <FileRef uid="2" />
              <SequencePoints>
                <SequencePoint vc="47" uspid="17" ordinal="0" sl="17" sc="1" el="17" ec="2" bec="0" bev="0" fileid="2" />
              </SequencePoints>
              <BranchPoints />
              <MethodPoint vc="1" uspid="0" p8:type="SequencePoint" ordinal="2" offset="2" sc="0" sl="17" ec="1" el="17" bec="0" bev="0" fileid="2" xmlns:p8="xsi" />
            </Method>
            <Method cyclomaticComplexity="1" nPathComplexity="1" sequenceCoverage="100" branchCoverage="100" isConstructor="False" isGetter="False" isSetter="False" isStatic="True">
              <Summary numSequencePoints="1" visitedSequencePoints="1" numBranchPoints="0" visitedBranchPoints="0" sequenceCoverage="100" branchCoverage="100" maxCyclomaticComplexity="1" minCyclomaticComplexity="1" visitedClasses="0" numClasses="0" visitedMethods="1" numMethods="1" />
              <MetadataToken />
              <Name>System.TimeSpan Marsop.Ephemeral.Temporal.DateTimeOffsetTimeSpanLengthOperator::Zero()</Name>
              <FileRef uid="2" />
              <SequencePoints>
                <SequencePoint vc="3" uspid="19" ordinal="0" sl="19" sc="1" el="19" ec="2" bec="0" bev="0" fileid="2" />
              </SequencePoints>
              <BranchPoints />
              <MethodPoint vc="1" uspid="0" p8:type="SequencePoint" ordinal="3" offset="3" sc="0" sl="19" ec="1" el="19" bec="0" bev="0" fileid="2" xmlns:p8="xsi" />
            </Method>
            <Method cyclomaticComplexity="1" nPathComplexity="1" sequenceCoverage="100" branchCoverage="100" isConstructor="True" isGetter="False" isSetter="False" isStatic="True">
              <Summary numSequencePoints="1" visitedSequencePoints="1" numBranchPoints="0" visitedBranchPoints="0" sequenceCoverage="100" branchCoverage="100" maxCyclomaticComplexity="1" minCyclomaticComplexity="1" visitedClasses="0" numClasses="0" visitedMethods="1" numMethods="1" />
              <MetadataToken />
              <Name>System.Void Marsop.Ephemeral.Temporal.DateTimeOffsetTimeSpanLengthOperator::.ctor()</Name>
              <FileRef uid="2" />
              <SequencePoints>
                <SequencePoint vc="3" uspid="13" ordinal="0" sl="13" sc="1" el="13" ec="2" bec="0" bev="0" fileid="2" />
              </SequencePoints>
              <BranchPoints />
              <MethodPoint vc="1" uspid="0" p8:type="SequencePoint" ordinal="4" offset="4" sc="0" sl="13" ec="1" el="13" bec="0" bev="0" fileid="2" xmlns:p8="xsi" />
            </Method>
            <Method cyclomaticComplexity="1" nPathComplexity="1" sequenceCoverage="100" branchCoverage="100" isConstructor="True" isGetter="False" isSetter="False" isStatic="True">
              <Summary numSequencePoints="1" visitedSequencePoints="1" numBranchPoints="0" visitedBranchPoints="0" sequenceCoverage="100" branchCoverage="100" maxCyclomaticComplexity="1" minCyclomaticComplexity="1" visitedClasses="0" numClasses="0" visitedMethods="1" numMethods="1" />
              <MetadataToken />
              <Name>System.Void Marsop.Ephemeral.Temporal.DateTimeOffsetTimeSpanLengthOperator::.cctor()</Name>
              <FileRef uid="2" />
              <SequencePoints>
                <SequencePoint vc="1" uspid="9" ordinal="0" sl="9" sc="1" el="9" ec="2" bec="0" bev="0" fileid="2" />
              </SequencePoints>
              <BranchPoints />
              <MethodPoint vc="1" uspid="0" p8:type="SequencePoint" ordinal="5" offset="5" sc="0" sl="9" ec="1" el="9" bec="0" bev="0" fileid="2" xmlns:p8="xsi" />
            </Method>
          </Methods>
        </Class>
        <Class>
          <Summary numSequencePoints="8" visitedSequencePoints="8" numBranchPoints="0" visitedBranchPoints="0" sequenceCoverage="100" branchCoverage="100" maxCyclomaticComplexity="1" minCyclomaticComplexity="1" visitedClasses="1" numClasses="1" visitedMethods="6" numMethods="6" />
          <FullName>Marsop.Ephemeral.Numerics.DoubleInterval</FullName>
          <Methods>
            <Method cyclomaticComplexity="1" nPathComplexity="1" sequenceCoverage="100" branchCoverage="100" isConstructor="False" isGetter="True" isSetter="False" isStatic="True">
              <Summary numSequencePoints="1" visitedSequencePoints="1" numBranchPoints="0" visitedBranchPoints="0" sequenceCoverage="100" branchCoverage="100" maxCyclomaticComplexity="1" minCyclomaticComplexity="1" visitedClasses="0" numClasses="0" visitedMethods="1" numMethods="1" />
              <MetadataToken />
              <Name>Marsop.Ephemeral.Core.ILengthOperator`2&lt;System.Double,System.Double&gt; Marsop.Ephemeral.Numerics.DoubleInterval::get_Operator()</Name>
              <FileRef uid="3" />
              <SequencePoints>
                <SequencePoint vc="1" uspid="13" ordinal="0" sl="13" sc="1" el="13" ec="2" bec="0" bev="0" fileid="3" />
              </SequencePoints>
              <BranchPoints />
              <MethodPoint vc="1" uspid="0" p8:type="SequencePoint" ordinal="0" offset="0" sc="0" sl="13" ec="1" el="13" bec="0" bev="0" fileid="3" xmlns:p8="xsi" />
            </Method>
            <Method cyclomaticComplexity="1" nPathComplexity="1" sequenceCoverage="100" branchCoverage="100" isConstructor="False" isGetter="False" isSetter="False" isStatic="True">
              <Summary numSequencePoints="1" visitedSequencePoints="1" numBranchPoints="0" visitedBranchPoints="0" sequenceCoverage="100" branchCoverage="100" maxCyclomaticComplexity="1" minCyclomaticComplexity="1" visitedClasses="0" numClasses="0" visitedMethods="1" numMethods="1" />
              <MetadataToken />
              <Name>System.String Marsop.Ephemeral.Numerics.DoubleInterval::ToString()</Name>
              <FileRef uid="3" />
              <SequencePoints>
                <SequencePoint vc="2" uspid="15" ordinal="0" sl="15" sc="1" el="15" ec="2" bec="0" bev="0" fileid="3" />
              </SequencePoints>
              <BranchPoints />
              <MethodPoint vc="1" uspid="0" p8:type="SequencePoint" ordinal="1" offset="1" sc="0" sl="15" ec="1" el="15" bec="0" bev="0" fileid="3" xmlns:p8="xsi" />
            </Method>
            <Method cyclomaticComplexity="1" nPathComplexity="1" sequenceCoverage="100" branchCoverage="100" isConstructor="False" isGetter="False" isSetter="False" isStatic="True">
              <Summary numSequencePoints="1" visitedSequencePoints="1" numBranchPoints="0" visitedBranchPoints="0" sequenceCoverage="100" branchCoverage="100" maxCyclomaticComplexity="1" minCyclomaticComplexity="1" visitedClasses="0" numClasses="0" visitedMethods="1" numMethods="1" />
              <MetadataToken />
              <Name>Marsop.Ephemeral.Numerics.DoubleInterval Marsop.Ephemeral.Numerics.DoubleInterval::CreateClosed(System.Double,System.Double)</Name>
              <FileRef uid="3" />
              <SequencePoints>
                <SequencePoint vc="5" uspid="17" ordinal="0" sl="17" sc="1" el="17" ec="2" bec="0" bev="0" fileid="3" />
              </SequencePoints>
              <BranchPoints />
              <MethodPoint vc="1" uspid="0" p8:type="SequencePoint" ordinal="2" offset="2" sc="0" sl="17" ec="1" el="17" bec="0" bev="0" fileid="3" xmlns:p8="xsi" />
            </Method>
            <Method cyclomaticComplexity="1" nPathComplexity="1" sequenceCoverage="100" branchCoverage="100" isConstructor="False" isGetter="False" isSetter="False" isStatic="True">
              <Summary numSequencePoints="1" visitedSequencePoints="1" numBranchPoints="0" visitedBranchPoints="0" sequenceCoverage="100" branchCoverage="100" maxCyclomaticComplexity="1" minCyclomaticComplexity="1" visitedClasses="0" numClasses="0" visitedMethods="1" numMethods="1" />
              <MetadataToken />
              <Name>Marsop.Ephemeral.Numerics.DoubleInterval Marsop.Ephemeral.Numerics.DoubleInterval::CreateOpen(System.Double,System.Double)</Name>
              <FileRef uid="3" />
              <SequencePoints>
                <SequencePoint vc="2" uspid="19" ordinal="0" sl="19" sc="1" el="19" ec="2" bec="0" bev="0" fileid="3" />
              </SequencePoints>
              <BranchPoints />
              <MethodPoint vc="1" uspid="0" p8:type="SequencePoint" ordinal="3" offset="3" sc="0" sl="19" ec="1" el="19" bec="0" bev="0" fileid="3" xmlns:p8="xsi" />
            </Method>
            <Method cyclomaticComplexity="1" nPathComplexity="1" sequenceCoverage="100" branchCoverage="100" isConstructor="False" isGetter="False" isSetter="False" isStatic="True">
              <Summary numSequencePoints="1" visitedSequencePoints="1" numBranchPoints="0" visitedBranchPoints="0" sequenceCoverage="100" branchCoverage="100" maxCyclomaticComplexity="1" minCyclomaticComplexity="1" visitedClasses="0" numClasses="0" visitedMethods="1" numMethods="1" />
              <MetadataToken />
              <Name>Marsop.Ephemeral.Numerics.DoubleInterval Marsop.Ephemeral.Numerics.DoubleInterval::CreatePoint(System.Double)</Name>
              <FileRef uid="3" />
              <SequencePoints>
                <SequencePoint vc="1" uspid="21" ordinal="0" sl="21" sc="1" el="21" ec="2" bec="0" bev="0" fileid="3" />
              </SequencePoints>
              <BranchPoints />
              <MethodPoint vc="1" uspid="0" p8:type="SequencePoint" ordinal="4" offset="4" sc="0" sl="21" ec="1" el="21" bec="0" bev="0" fileid="3" xmlns:p8="xsi" />
            </Method>
            <Method cyclomaticComplexity="1" nPathComplexity="1" sequenceCoverage="100" branchCoverage="100" isConstructor="True" isGetter="False" isSetter="False" isStatic="True">
              <Summary numSequencePoints="3" visitedSequencePoints="3" numBranchPoints="0" visitedBranchPoints="0" sequenceCoverage="100" branchCoverage="100" maxCyclomaticComplexity="1" minCyclomaticComplexity="1" visitedClasses="0" numClasses="0" visitedMethods="1" numMethods="1" />
              <MetadataToken />
              <Name>System.Void Marsop.Ephemeral.Numerics.DoubleInterval::.ctor(System.Double,System.Double,System.Boolean,System.Boolean)</Name>
              <FileRef uid="3" />
              <SequencePoints>
                <SequencePoint vc="7" uspid="9" ordinal="0" sl="9" sc="1" el="9" ec="2" bec="0" bev="0" fileid="3" />
                <SequencePoint vc="7" uspid="10" ordinal="1" sl="10" sc="1" el="10" ec="2" bec="0" bev="0" fileid="3" />
                <SequencePoint vc="7" uspid="11" ordinal="2" sl="11" sc="1" el="11" ec="2" bec="0" bev="0" fileid="3" />
              </SequencePoints>
              <BranchPoints />
              <MethodPoint vc="3" uspid="0" p8:type="SequencePoint" ordinal="5" offset="5" sc="0" sl="9" ec="1" el="11" bec="0" bev="0" fileid="3" xmlns:p8="xsi" />
            </Method>
          </Methods>
        </Class>
        <Class>
          <Summary numSequencePoints="6" visitedSequencePoints="6" numBranchPoints="0" visitedBranchPoints="0" sequenceCoverage="100" branchCoverage="100" maxCyclomaticComplexity="1" minCyclomaticComplexity="1" visitedClasses="1" numClasses="1" visitedMethods="6" numMethods="6" />
          <FullName>Marsop.Ephemeral.Numerics.DoubleDefaultLengthOperator</FullName>
          <Methods>
            <Method cyclomaticComplexity="1" nPathComplexity="1" sequenceCoverage="100" branchCoverage="100" isConstructor="False" isGetter="True" isSetter="False" isStatic="True">
              <Summary numSequencePoints="1" visitedSequencePoints="1" numBranchPoints="0" visitedBranchPoints="0" sequenceCoverage="100" branchCoverage="100" maxCyclomaticComplexity="1" minCyclomaticComplexity="1" visitedClasses="0" numClasses="0" visitedMethods="1" numMethods="1" />
              <MetadataToken />
              <Name>Marsop.Ephemeral.Core.ILengthOperator`2&lt;System.Double,System.Double&gt; Marsop.Ephemeral.Numerics.DoubleDefaultLengthOperator::get_Instance()</Name>
              <FileRef uid="4" />
              <SequencePoints>
                <SequencePoint vc="5" uspid="10" ordinal="0" sl="10" sc="1" el="10" ec="2" bec="0" bev="0" fileid="4" />
              </SequencePoints>
              <BranchPoints />
              <MethodPoint vc="1" uspid="0" p8:type="SequencePoint" ordinal="0" offset="0" sc="0" sl="10" ec="1" el="10" bec="0" bev="0" fileid="4" xmlns:p8="xsi" />
            </Method>
            <Method cyclomaticComplexity="1" nPathComplexity="1" sequenceCoverage="100" branchCoverage="100" isConstructor="False" isGetter="False" isSetter="False" isStatic="True">
              <Summary numSequencePoints="1" visitedSequencePoints="1" numBranchPoints="0" visitedBranchPoints="0" sequenceCoverage="100" branchCoverage="100" maxCyclomaticComplexity="1" minCyclomaticComplexity="1" visitedClasses="0" numClasses="0" visitedMethods="1" numMethods="1" />
              <MetadataToken />
              <Name>System.Double Marsop.Ephemeral.Numerics.DoubleDefaultLengthOperator::Apply(System.Double,System.Double)</Name>
              <FileRef uid="4" />
              <SequencePoints>
                <SequencePoint vc="1" uspid="14" ordinal="0" sl="14" sc="1" el="14" ec="2" bec="0" bev="0" fileid="4" />
              </SequencePoints>
              <BranchPoints />
              <MethodPoint vc="1" uspid="0" p8:type="SequencePoint" ordinal="1" offset="1" sc="0" sl="14" ec="1" el="14" bec="0" bev="0" fileid="4" xmlns:p8="xsi" />
            </Method>
            <Method cyclomaticComplexity="1" nPathComplexity="1" sequenceCoverage="100" branchCoverage="100" isConstructor="False" isGetter="False" isSetter="False" isStatic="True">
              <Summary numSequencePoints="1" visitedSequencePoints="1" numBranchPoints="0" visitedBranchPoints="0" sequenceCoverage="100" branchCoverage="100" maxCyclomaticComplexity="1" minCyclomaticComplexity="1" visitedClasses="0" numClasses="0" visitedMethods="1" numMethods="1" />
              <MetadataToken />
              <Name>System.Double Marsop.Ephemeral.Numerics.DoubleDefaultLengthOperator::Measure(Marsop.Ephemeral.Core.IBasicInterval`1&lt;System.Double&gt;)</Name>
              <FileRef uid="4" />
              <SequencePoints>
                <SequencePoint vc="3" uspid="16" ordinal="0" sl="16" sc="1" el="16" ec="2" bec="0" bev="0" fileid="4" />
              </SequencePoints>
              <BranchPoints />
              <MethodPoint vc="1" uspid="0" p8:type="SequencePoint" ordinal="2" offset="2" sc="0" sl="16" ec="1" el="16" bec="0" bev="0" fileid="4" xmlns:p8="xsi" />
            </Method>
            <Method cyclomaticComplexity="1" nPathComplexity="1" sequenceCoverage="100" branchCoverage="100" isConstructor="False" isGetter="False" isSetter="False" isStatic="True">
              <Summary numSequencePoints="1" visitedSequencePoints="1" numBranchPoints="0" visitedBranchPoints="0" sequenceCoverage="100" branchCoverage="100" maxCyclomaticComplexity="1" minCyclomaticComplexity="1" visitedClasses="0" numClasses="0" visitedMethods="1" numMethods="1" />
              <MetadataToken />
              <Name>System.Double Marsop.Ephemeral.Numerics.DoubleDefaultLengthOperator::Zero()</Name>
              <FileRef uid="4" />
              <SequencePoints>
                <SequencePoint vc="1" uspid="18" ordinal="0" sl="18" sc="1" el="18" ec="2" bec="0" bev="0" fileid="4" />
              </SequencePoints>
              <BranchPoints />
              <MethodPoint vc="1" uspid="0" p8:type="SequencePoint" ordinal="3" offset="3" sc="0" sl="18" ec="1" el="18" bec="0" bev="0" fileid="4" xmlns:p8="xsi" />
            </Method>
            <Method cyclomaticComplexity="1" nPathComplexity="1" sequenceCoverage="100" branchCoverage="100" isConstructor="True" isGetter="False" isSetter="False" isStatic="True">
              <Summary numSequencePoints="1" visitedSequencePoints="1" numBranchPoints="0" visitedBranchPoints="0" sequenceCoverage="100" branchCoverage="100" maxCyclomaticComplexity="1" minCyclomaticComplexity="1" visitedClasses="0" numClasses="0" visitedMethods="1" numMethods="1" />
              <MetadataToken />
              <Name>System.Void Marsop.Ephemeral.Numerics.DoubleDefaultLengthOperator::.ctor()</Name>
              <FileRef uid="4" />
              <SequencePoints>
                <SequencePoint vc="3" uspid="12" ordinal="0" sl="12" sc="1" el="12" ec="2" bec="0" bev="0" fileid="4" />
              </SequencePoints>
              <BranchPoints />
              <MethodPoint vc="1" uspid="0" p8:type="SequencePoint" ordinal="4" offset="4" sc="0" sl="12" ec="1" el="12" bec="0" bev="0" fileid="4" xmlns:p8="xsi" />
            </Method>
            <Method cyclomaticComplexity="1" nPathComplexity="1" sequenceCoverage="100" branchCoverage="100" isConstructor="True" isGetter="False" isSetter="False" isStatic="True">
              <Summary numSequencePoints="1" visitedSequencePoints="1" numBranchPoints="0" visitedBranchPoints="0" sequenceCoverage="100" branchCoverage="100" maxCyclomaticComplexity="1" minCyclomaticComplexity="1" visitedClasses="0" numClasses="0" visitedMethods="1" numMethods="1" />
              <MetadataToken />
              <Name>System.Void Marsop.Ephemeral.Numerics.DoubleDefaultLengthOperator::.cctor()</Name>
              <FileRef uid="4" />
              <SequencePoints>
                <SequencePoint vc="1" uspid="8" ordinal="0" sl="8" sc="1" el="8" ec="2" bec="0" bev="0" fileid="4" />
              </SequencePoints>
              <BranchPoints />
              <MethodPoint vc="1" uspid="0" p8:type="SequencePoint" ordinal="5" offset="5" sc="0" sl="8" ec="1" el="8" bec="0" bev="0" fileid="4" xmlns:p8="xsi" />
            </Method>
          </Methods>
        </Class>
        <Class>
          <Summary numSequencePoints="8" visitedSequencePoints="8" numBranchPoints="0" visitedBranchPoints="0" sequenceCoverage="100" branchCoverage="100" maxCyclomaticComplexity="1" minCyclomaticComplexity="1" visitedClasses="1" numClasses="1" visitedMethods="6" numMethods="6" />
          <FullName>Marsop.Ephemeral.Numerics.IntInterval</FullName>
          <Methods>
            <Method cyclomaticComplexity="1" nPathComplexity="1" sequenceCoverage="100" branchCoverage="100" isConstructor="False" isGetter="True" isSetter="False" isStatic="True">
              <Summary numSequencePoints="1" visitedSequencePoints="1" numBranchPoints="0" visitedBranchPoints="0" sequenceCoverage="100" branchCoverage="100" maxCyclomaticComplexity="1" minCyclomaticComplexity="1" visitedClasses="0" numClasses="0" visitedMethods="1" numMethods="1" />
              <MetadataToken />
              <Name>Marsop.Ephemeral.Core.ILengthOperator`2&lt;System.Int32,System.Int32&gt; Marsop.Ephemeral.Numerics.IntInterval::get_Operator()</Name>
              <FileRef uid="5" />
              <SequencePoints>
                <SequencePoint vc="1" uspid="13" ordinal="0" sl="13" sc="1" el="13" ec="2" bec="0" bev="0" fileid="5" />
              </SequencePoints>
              <BranchPoints />
              <MethodPoint vc="1" uspid="0" p8:type="SequencePoint" ordinal="0" offset="0" sc="0" sl="13" ec="1" el="13" bec="0" bev="0" fileid="5" xmlns:p8="xsi" />
            </Method>
            <Method cyclomaticComplexity="1" nPathComplexity="1" sequenceCoverage="100" branchCoverage="100" isConstructor="False" isGetter="False" isSetter="False" isStatic="True">
              <Summary numSequencePoints="1" visitedSequencePoints="1" numBranchPoints="0" visitedBranchPoints="0" sequenceCoverage="100" branchCoverage="100" maxCyclomaticComplexity="1" minCyclomaticComplexity="1" visitedClasses="0" numClasses="0" visitedMethods="1" numMethods="1" />
              <MetadataToken />
              <Name>System.String Marsop.Ephemeral.Numerics.IntInterval::ToString()</Name>
              <FileRef uid="5" />
              <SequencePoints>
                <SequencePoint vc="2" uspid="15" ordinal="0" sl="15" sc="1" el="15" ec="2" bec="0" bev="0" fileid="5" />
              </SequencePoints>
              <BranchPoints />
              <MethodPoint vc="1" uspid="0" p8:type="SequencePoint" ordinal="1" offset="1" sc="0" sl="15" ec="1" el="15" bec="0" bev="0" fileid="5" xmlns:p8="xsi" />
            </Method>
            <Method cyclomaticComplexity="1" nPathComplexity="1" sequenceCoverage="100" branchCoverage="100" isConstructor="False" isGetter="False" isSetter="False" isStatic="True">
              <Summary numSequencePoints="1" visitedSequencePoints="1" numBranchPoints="0" visitedBranchPoints="0" sequenceCoverage="100" branchCoverage="100" maxCyclomaticComplexity="1" minCyclomaticComplexity="1" visitedClasses="0" numClasses="0" visitedMethods="1" numMethods="1" />
              <MetadataToken />
              <Name>Marsop.Ephemeral.Numerics.IntInterval Marsop.Ephemeral.Numerics.IntInterval::CreateClosed(System.Int32,System.Int32)</Name>
              <FileRef uid="5" />
              <SequencePoints>
                <SequencePoint vc="5" uspid="17" ordinal="0" sl="17" sc="1" el="17" ec="2" bec="0" bev="0" fileid="5" />
              </SequencePoints>
              <BranchPoints />
              <MethodPoint vc="1" uspid="0" p8:type="SequencePoint" ordinal="2" offset="2" sc="0" sl="17" ec="1" el="17" bec="0" bev="0" fileid="5" xmlns:p8="xsi" />
            </Method>
            <Method cyclomaticComplexity="1" nPathComplexity="1" sequenceCoverage="100" branchCoverage="100" isConstructor="False" isGetter="False" isSetter="False" isStatic="True">
              <Summary numSequencePoints="1" visitedSequencePoints="1" numBranchPoints="0" visitedBranchPoints="0" sequenceCoverage="100" branchCoverage="100" maxCyclomaticComplexity="1" minCyclomaticComplexity="1" visitedClasses="0" numClasses="0" visitedMethods="1" numMethods="1" />
              <MetadataToken />
              <Name>Marsop.Ephemeral.Numerics.IntInterval Marsop.Ephemeral.Numerics.IntInterval::CreateOpen(System.Int32,System.Int32)</Name>
              <FileRef uid="5" />
              <SequencePoints>
                <SequencePoint vc="2" uspid="19" ordinal="0" sl="19" sc="1" el="19" ec="2" bec="0" bev="0" fileid="5" />
              </SequencePoints>
              <BranchPoints />
              <MethodPoint vc="1" uspid="0" p8:type="SequencePoint" ordinal="3" offset="3" sc="0" sl="19" ec="1" el="19" bec="0" bev="0" fileid="5" xmlns:p8="xsi" />
            </Method>
            <Method cyclomaticComplexity="1" nPathComplexity="1" sequenceCoverage="100" branchCoverage="100" isConstructor="False" isGetter="False" isSetter="False" isStatic="True">
              <Summary numSequencePoints="1" visitedSequencePoints="1" numBranchPoints="0" visitedBranchPoints="0" sequenceCoverage="100" branchCoverage="100" maxCyclomaticComplexity="1" minCyclomaticComplexity="1" visitedClasses="0" numClasses="0" visitedMethods="1" numMethods="1" />
              <MetadataToken />
              <Name>Marsop.Ephemeral.Numerics.IntInterval Marsop.Ephemeral.Numerics.IntInterval::CreatePoint(System.Int32)</Name>
              <FileRef uid="5" />
              <SequencePoints>
                <SequencePoint vc="1" uspid="21" ordinal="0" sl="21" sc="1" el="21" ec="2" bec="0" bev="0" fileid="5" />
              </SequencePoints>
              <BranchPoints />
              <MethodPoint vc="1" uspid="0" p8:type="SequencePoint" ordinal="4" offset="4" sc="0" sl="21" ec="1" el="21" bec="0" bev="0" fileid="5" xmlns:p8="xsi" />
            </Method>
            <Method cyclomaticComplexity="1" nPathComplexity="1" sequenceCoverage="100" branchCoverage="100" isConstructor="True" isGetter="False" isSetter="False" isStatic="True">
              <Summary numSequencePoints="3" visitedSequencePoints="3" numBranchPoints="0" visitedBranchPoints="0" sequenceCoverage="100" branchCoverage="100" maxCyclomaticComplexity="1" minCyclomaticComplexity="1" visitedClasses="0" numClasses="0" visitedMethods="1" numMethods="1" />
              <MetadataToken />
              <Name>System.Void Marsop.Ephemeral.Numerics.IntInterval::.ctor(System.Int32,System.Int32,System.Boolean,System.Boolean)</Name>
              <FileRef uid="5" />
              <SequencePoints>
                <SequencePoint vc="7" uspid="9" ordinal="0" sl="9" sc="1" el="9" ec="2" bec="0" bev="0" fileid="5" />
                <SequencePoint vc="7" uspid="10" ordinal="1" sl="10" sc="1" el="10" ec="2" bec="0" bev="0" fileid="5" />
                <SequencePoint vc="7" uspid="11" ordinal="2" sl="11" sc="1" el="11" ec="2" bec="0" bev="0" fileid="5" />
              </SequencePoints>
              <BranchPoints />
              <MethodPoint vc="3" uspid="0" p8:type="SequencePoint" ordinal="5" offset="5" sc="0" sl="9" ec="1" el="11" bec="0" bev="0" fileid="5" xmlns:p8="xsi" />
            </Method>
          </Methods>
        </Class>
        <Class>
          <Summary numSequencePoints="6" visitedSequencePoints="6" numBranchPoints="0" visitedBranchPoints="0" sequenceCoverage="100" branchCoverage="100" maxCyclomaticComplexity="1" minCyclomaticComplexity="1" visitedClasses="1" numClasses="1" visitedMethods="6" numMethods="6" />
          <FullName>Marsop.Ephemeral.Numerics.IntDefaultLengthOperator</FullName>
          <Methods>
            <Method cyclomaticComplexity="1" nPathComplexity="1" sequenceCoverage="100" branchCoverage="100" isConstructor="False" isGetter="True" isSetter="False" isStatic="True">
              <Summary numSequencePoints="1" visitedSequencePoints="1" numBranchPoints="0" visitedBranchPoints="0" sequenceCoverage="100" branchCoverage="100" maxCyclomaticComplexity="1" minCyclomaticComplexity="1" visitedClasses="0" numClasses="0" visitedMethods="1" numMethods="1" />
              <MetadataToken />
              <Name>Marsop.Ephemeral.Core.ILengthOperator`2&lt;System.Int32,System.Int32&gt; Marsop.Ephemeral.Numerics.IntDefaultLengthOperator::get_Instance()</Name>
              <FileRef uid="6" />
              <SequencePoints>
                <SequencePoint vc="5" uspid="10" ordinal="0" sl="10" sc="1" el="10" ec="2" bec="0" bev="0" fileid="6" />
              </SequencePoints>
              <BranchPoints />
              <MethodPoint vc="1" uspid="0" p8:type="SequencePoint" ordinal="0" offset="0" sc="0" sl="10" ec="1" el="10" bec="0" bev="0" fileid="6" xmlns:p8="xsi" />
            </Method>
            <Method cyclomaticComplexity="1" nPathComplexity="1" sequenceCoverage="100" branchCoverage="100" isConstructor="False" isGetter="False" isSetter="False" isStatic="True">
              <Summary numSequencePoints="1" visitedSequencePoints="1" numBranchPoints="0" visitedBranchPoints="0" sequenceCoverage="100" branchCoverage="100" maxCyclomaticComplexity="1" minCyclomaticComplexity="1" visitedClasses="0" numClasses="0" visitedMethods="1" numMethods="1" />
              <MetadataToken />
              <Name>System.Int32 Marsop.Ephemeral.Numerics.IntDefaultLengthOperator::Apply(System.Int32,System.Int32)</Name>
              <FileRef uid="6" />
              <SequencePoints>
                <SequencePoint vc="1" uspid="14" ordinal="0" sl="14" sc="1" el="14" ec="2" bec="0" bev="0" fileid="6" />
              </SequencePoints>
              <BranchPoints />
              <MethodPoint vc="1" uspid="0" p8:type="SequencePoint" ordinal="1" offset="1" sc="0" sl="14" ec="1" el="14" bec="0" bev="0" fileid="6" xmlns:p8="xsi" />
            </Method>
            <Method cyclomaticComplexity="1" nPathComplexity="1" sequenceCoverage="100" branchCoverage="100" isConstructor="False" isGetter="False" isSetter="False" isStatic="True">
              <Summary numSequencePoints="1" visitedSequencePoints="1" numBranchPoints="0" visitedBranchPoints="0" sequenceCoverage="100" branchCoverage="100" maxCyclomaticComplexity="1" minCyclomaticComplexity="1" visitedClasses="0" numClasses="0" visitedMethods="1" numMethods="1" />
              <MetadataToken />
              <Name>System.Int32 Marsop.Ephemeral.Numerics.IntDefaultLengthOperator::Measure(Marsop.Ephemeral.Core.IBasicInterval`1&lt;System.Int32&gt;)</Name>
              <FileRef uid="6" />
              <SequencePoints>
                <SequencePoint vc="3" uspid="16" ordinal="0" sl="16" sc="1" el="16" ec="2" bec="0" bev="0" fileid="6" />
              </SequencePoints>
              <BranchPoints />
              <MethodPoint vc="1" uspid="0" p8:type="SequencePoint" ordinal="2" offset="2" sc="0" sl="16" ec="1" el="16" bec="0" bev="0" fileid="6" xmlns:p8="xsi" />
            </Method>
            <Method cyclomaticComplexity="1" nPathComplexity="1" sequenceCoverage="100" branchCoverage="100" isConstructor="False" isGetter="False" isSetter="False" isStatic="True">
              <Summary numSequencePoints="1" visitedSequencePoints="1" numBranchPoints="0" visitedBranchPoints="0" sequenceCoverage="100" branchCoverage="100" maxCyclomaticComplexity="1" minCyclomaticComplexity="1" visitedClasses="0" numClasses="0" visitedMethods="1" numMethods="1" />
              <MetadataToken />
              <Name>System.Int32 Marsop.Ephemeral.Numerics.IntDefaultLengthOperator::Zero()</Name>
              <FileRef uid="6" />
              <SequencePoints>
                <SequencePoint vc="1" uspid="18" ordinal="0" sl="18" sc="1" el="18" ec="2" bec="0" bev="0" fileid="6" />
              </SequencePoints>
              <BranchPoints />
              <MethodPoint vc="1" uspid="0" p8:type="SequencePoint" ordinal="3" offset="3" sc="0" sl="18" ec="1" el="18" bec="0" bev="0" fileid="6" xmlns:p8="xsi" />
            </Method>
            <Method cyclomaticComplexity="1" nPathComplexity="1" sequenceCoverage="100" branchCoverage="100" isConstructor="True" isGetter="False" isSetter="False" isStatic="True">
              <Summary numSequencePoints="1" visitedSequencePoints="1" numBranchPoints="0" visitedBranchPoints="0" sequenceCoverage="100" branchCoverage="100" maxCyclomaticComplexity="1" minCyclomaticComplexity="1" visitedClasses="0" numClasses="0" visitedMethods="1" numMethods="1" />
              <MetadataToken />
              <Name>System.Void Marsop.Ephemeral.Numerics.IntDefaultLengthOperator::.ctor()</Name>
              <FileRef uid="6" />
              <SequencePoints>
                <SequencePoint vc="3" uspid="12" ordinal="0" sl="12" sc="1" el="12" ec="2" bec="0" bev="0" fileid="6" />
              </SequencePoints>
              <BranchPoints />
              <MethodPoint vc="1" uspid="0" p8:type="SequencePoint" ordinal="4" offset="4" sc="0" sl="12" ec="1" el="12" bec="0" bev="0" fileid="6" xmlns:p8="xsi" />
            </Method>
            <Method cyclomaticComplexity="1" nPathComplexity="1" sequenceCoverage="100" branchCoverage="100" isConstructor="True" isGetter="False" isSetter="False" isStatic="True">
              <Summary numSequencePoints="1" visitedSequencePoints="1" numBranchPoints="0" visitedBranchPoints="0" sequenceCoverage="100" branchCoverage="100" maxCyclomaticComplexity="1" minCyclomaticComplexity="1" visitedClasses="0" numClasses="0" visitedMethods="1" numMethods="1" />
              <MetadataToken />
              <Name>System.Void Marsop.Ephemeral.Numerics.IntDefaultLengthOperator::.cctor()</Name>
              <FileRef uid="6" />
              <SequencePoints>
                <SequencePoint vc="1" uspid="8" ordinal="0" sl="8" sc="1" el="8" ec="2" bec="0" bev="0" fileid="6" />
              </SequencePoints>
              <BranchPoints />
              <MethodPoint vc="1" uspid="0" p8:type="SequencePoint" ordinal="5" offset="5" sc="0" sl="8" ec="1" el="8" bec="0" bev="0" fileid="6" xmlns:p8="xsi" />
            </Method>
          </Methods>
        </Class>
        <Class>
          <Summary numSequencePoints="15" visitedSequencePoints="15" numBranchPoints="0" visitedBranchPoints="0" sequenceCoverage="100" branchCoverage="100" maxCyclomaticComplexity="1" minCyclomaticComplexity="1" visitedClasses="1" numClasses="1" visitedMethods="5" numMethods="5" />
          <FullName>Marsop.Ephemeral.Core.InvalidLengthException</FullName>
          <Methods>
            <Method cyclomaticComplexity="1" nPathComplexity="1" sequenceCoverage="100" branchCoverage="100" isConstructor="True" isGetter="False" isSetter="False" isStatic="True">
              <Summary numSequencePoints="3" visitedSequencePoints="3" numBranchPoints="0" visitedBranchPoints="0" sequenceCoverage="100" branchCoverage="100" maxCyclomaticComplexity="1" minCyclomaticComplexity="1" visitedClasses="0" numClasses="0" visitedMethods="1" numMethods="1" />
              <MetadataToken />
              <Name>System.Void Marsop.Ephemeral.Core.InvalidLengthException::.ctor()</Name>
              <FileRef uid="7" />
              <SequencePoints>
                <SequencePoint vc="1" uspid="17" ordinal="0" sl="17" sc="1" el="17" ec="2" bec="0" bev="0" fileid="7" />
                <SequencePoint vc="1" uspid="18" ordinal="1" sl="18" sc="1" el="18" ec="2" bec="0" bev="0" fileid="7" />
                <SequencePoint vc="1" uspid="19" ordinal="2" sl="19" sc="1" el="19" ec="2" bec="0" bev="0" fileid="7" />
              </SequencePoints>
              <BranchPoints />
              <MethodPoint vc="3" uspid="0" p8:type="SequencePoint" ordinal="0" offset="0" sc="0" sl="17" ec="1" el="19" bec="0" bev="0" fileid="7" xmlns:p8="xsi" />
            </Method>
            <Method cyclomaticComplexity="1" nPathComplexity="1" sequenceCoverage="100" branchCoverage="100" isConstructor="True" isGetter="False" isSetter="False" isStatic="True">
              <Summary numSequencePoints="3" visitedSequencePoints="3" numBranchPoints="0" visitedBranchPoints="0" sequenceCoverage="100" branchCoverage="100" maxCyclomaticComplexity="1" minCyclomaticComplexity="1" visitedClasses="0" numClasses="0" visitedMethods="1" numMethods="1" />
              <MetadataToken />
              <Name>System.Void Marsop.Ephemeral.Core.InvalidLengthException::.ctor(System.String)</Name>
              <FileRef uid="7" />
              <SequencePoints>
                <SequencePoint vc="1" uspid="22" ordinal="0" sl="22" sc="1" el="22" ec="2" bec="0" bev="0" fileid="7" />
                <SequencePoint vc="1" uspid="23" ordinal="1" sl="23" sc="1" el="23" ec="2" bec="0" bev="0" fileid="7" />
                <SequencePoint vc="1" uspid="24" ordinal="2" sl="24" sc="1" el="24" ec="2" bec="0" bev="0" fileid="7" />
              </SequencePoints>
              <BranchPoints />
              <MethodPoint vc="3" uspid="0" p8:type="SequencePoint" ordinal="1" offset="1" sc="0" sl="22" ec="1" el="24" bec="0" bev="0" fileid="7" xmlns:p8="xsi" />
            </Method>
            <Method cyclomaticComplexity="1" nPathComplexity="1" sequenceCoverage="100" branchCoverage="100" isConstructor="True" isGetter="False" isSetter="False" isStatic="True">
              <Summary numSequencePoints="3" visitedSequencePoints="3" numBranchPoints="0" visitedBranchPoints="0" sequenceCoverage="100" branchCoverage="100" maxCyclomaticComplexity="1" minCyclomaticComplexity="1" visitedClasses="0" numClasses="0" visitedMethods="1" numMethods="1" />
              <MetadataToken />
              <Name>System.Void Marsop.Ephemeral.Core.InvalidLengthException::.ctor(System.String,System.String)</Name>
              <FileRef uid="7" />
              <SequencePoints>
                <SequencePoint vc="1" uspid="27" ordinal="0" sl="27" sc="1" el="27" ec="2" bec="0" bev="0" fileid="7" />
                <SequencePoint vc="1" uspid="28" ordinal="1" sl="28" sc="1" el="28" ec="2" bec="0" bev="0" fileid="7" />
                <SequencePoint vc="1" uspid="29" ordinal="2" sl="29" sc="1" el="29" ec="2" bec="0" bev="0" fileid="7" />
              </SequencePoints>
              <BranchPoints />
              <MethodPoint vc="3" uspid="0" p8:type="SequencePoint" ordinal="2" offset="2" sc="0" sl="27" ec="1" el="29" bec="0" bev="0" fileid="7" xmlns:p8="xsi" />
            </Method>
            <Method cyclomaticComplexity="1" nPathComplexity="1" sequenceCoverage="100" branchCoverage="100" isConstructor="True" isGetter="False" isSetter="False" isStatic="True">
              <Summary numSequencePoints="3" visitedSequencePoints="3" numBranchPoints="0" visitedBranchPoints="0" sequenceCoverage="100" branchCoverage="100" maxCyclomaticComplexity="1" minCyclomaticComplexity="1" visitedClasses="0" numClasses="0" visitedMethods="1" numMethods="1" />
              <MetadataToken />
              <Name>System.Void Marsop.Ephemeral.Core.InvalidLengthException::.ctor(System.String,System.Exception)</Name>
              <FileRef uid="7" />
              <SequencePoints>
                <SequencePoint vc="1" uspid="32" ordinal="0" sl="32" sc="1" el="32" ec="2" bec="0" bev="0" fileid="7" />
                <SequencePoint vc="1" uspid="33" ordinal="1" sl="33" sc="1" el="33" ec="2" bec="0" bev="0" fileid="7" />
                <SequencePoint vc="1" uspid="34" ordinal="2" sl="34" sc="1" el="34" ec="2" bec="0" bev="0" fileid="7" />
              </SequencePoints>
              <BranchPoints />
              <MethodPoint vc="3" uspid="0" p8:type="SequencePoint" ordinal="3" offset="3" sc="0" sl="32" ec="1" el="34" bec="0" bev="0" fileid="7" xmlns:p8="xsi" />
            </Method>
            <Method cyclomaticComplexity="1" nPathComplexity="1" sequenceCoverage="100" branchCoverage="100" isConstructor="True" isGetter="False" isSetter="False" isStatic="True">
              <Summary numSequencePoints="3" visitedSequencePoints="3" numBranchPoints="0" visitedBranchPoints="0" sequenceCoverage="100" branchCoverage="100" maxCyclomaticComplexity="1" minCyclomaticComplexity="1" visitedClasses="0" numClasses="0" visitedMethods="1" numMethods="1" />
              <MetadataToken />
              <Name>System.Void Marsop.Ephemeral.Core.InvalidLengthException::.ctor(System.String,System.String,System.Exception)</Name>
              <FileRef uid="7" />
              <SequencePoints>
                <SequencePoint vc="1" uspid="37" ordinal="0" sl="37" sc="1" el="37" ec="2" bec="0" bev="0" fileid="7" />
                <SequencePoint vc="1" uspid="38" ordinal="1" sl="38" sc="1" el="38" ec="2" bec="0" bev="0" fileid="7" />
                <SequencePoint vc="1" uspid="39" ordinal="2" sl="39" sc="1" el="39" ec="2" bec="0" bev="0" fileid="7" />
              </SequencePoints>
              <BranchPoints />
              <MethodPoint vc="3" uspid="0" p8:type="SequencePoint" ordinal="4" offset="4" sc="0" sl="37" ec="1" el="39" bec="0" bev="0" fileid="7" xmlns:p8="xsi" />
            </Method>
          </Methods>
        </Class>
        <Class>
          <Summary numSequencePoints="15" visitedSequencePoints="15" numBranchPoints="0" visitedBranchPoints="0" sequenceCoverage="100" branchCoverage="100" maxCyclomaticComplexity="1" minCyclomaticComplexity="1" visitedClasses="1" numClasses="1" visitedMethods="5" numMethods="5" />
          <FullName>Marsop.Ephemeral.Core.OverlapException</FullName>
          <Methods>
            <Method cyclomaticComplexity="1" nPathComplexity="1" sequenceCoverage="100" branchCoverage="100" isConstructor="True" isGetter="False" isSetter="False" isStatic="True">
              <Summary numSequencePoints="3" visitedSequencePoints="3" numBranchPoints="0" visitedBranchPoints="0" sequenceCoverage="100" branchCoverage="100" maxCyclomaticComplexity="1" minCyclomaticComplexity="1" visitedClasses="0" numClasses="0" visitedMethods="1" numMethods="1" />
              <MetadataToken />
              <Name>System.Void Marsop.Ephemeral.Core.OverlapException::.ctor()</Name>
              <FileRef uid="8" />
              <SequencePoints>
                <SequencePoint vc="1" uspid="17" ordinal="0" sl="17" sc="1" el="17" ec="2" bec="0" bev="0" fileid="8" />
                <SequencePoint vc="1" uspid="18" ordinal="1" sl="18" sc="1" el="18" ec="2" bec="0" bev="0" fileid="8" />
                <SequencePoint vc="1" uspid="19" ordinal="2" sl="19" sc="1" el="19" ec="2" bec="0" bev="0" fileid="8" />
              </SequencePoints>
              <BranchPoints />
              <MethodPoint vc="3" uspid="0" p8:type="SequencePoint" ordinal="0" offset="0" sc="0" sl="17" ec="1" el="19" bec="0" bev="0" fileid="8" xmlns:p8="xsi" />
            </Method>
            <Method cyclomaticComplexity="1" nPathComplexity="1" sequenceCoverage="100" branchCoverage="100" isConstructor="True" isGetter="False" isSetter="False" isStatic="True">
              <Summary numSequencePoints="3" visitedSequencePoints="3" numBranchPoints="0" visitedBranchPoints="0" sequenceCoverage="100" branchCoverage="100" maxCyclomaticComplexity="1" minCyclomaticComplexity="1" visitedClasses="0" numClasses="0" visitedMethods="1" numMethods="1" />
              <MetadataToken />
              <Name>System.Void Marsop.Ephemeral.Core.OverlapException::.ctor(System.String)</Name>
              <FileRef uid="8" />
              <SequencePoints>
                <SequencePoint vc="1" uspid="22" ordinal="0" sl="22" sc="1" el="22" ec="2" bec="0" bev="0" fileid="8" />
                <SequencePoint vc="1" uspid="23" ordinal="1" sl="23" sc="1" el="23" ec="2" bec="0" bev="0" fileid="8" />
                <SequencePoint vc="1" uspid="24" ordinal="2" sl="24" sc="1" el="24" ec="2" bec="0" bev="0" fileid="8" />
              </SequencePoints>
              <BranchPoints />
              <MethodPoint vc="3" uspid="0" p8:type="SequencePoint" ordinal="1" offset="1" sc="0" sl="22" ec="1" el="24" bec="0" bev="0" fileid="8" xmlns:p8="xsi" />
            </Method>
            <Method cyclomaticComplexity="1" nPathComplexity="1" sequenceCoverage="100" branchCoverage="100" isConstructor="True" isGetter="False" isSetter="False" isStatic="True">
              <Summary numSequencePoints="3" visitedSequencePoints="3" numBranchPoints="0" visitedBranchPoints="0" sequenceCoverage="100" branchCoverage="100" maxCyclomaticComplexity="1" minCyclomaticComplexity="1" visitedClasses="0" numClasses="0" visitedMethods="1" numMethods="1" />
              <MetadataToken />
              <Name>System.Void Marsop.Ephemeral.Core.OverlapException::.ctor(System.String,System.String)</Name>
              <FileRef uid="8" />
              <SequencePoints>
                <SequencePoint vc="1" uspid="27" ordinal="0" sl="27" sc="1" el="27" ec="2" bec="0" bev="0" fileid="8" />
                <SequencePoint vc="1" uspid="28" ordinal="1" sl="28" sc="1" el="28" ec="2" bec="0" bev="0" fileid="8" />
                <SequencePoint vc="1" uspid="29" ordinal="2" sl="29" sc="1" el="29" ec="2" bec="0" bev="0" fileid="8" />
              </SequencePoints>
              <BranchPoints />
              <MethodPoint vc="3" uspid="0" p8:type="SequencePoint" ordinal="2" offset="2" sc="0" sl="27" ec="1" el="29" bec="0" bev="0" fileid="8" xmlns:p8="xsi" />
            </Method>
            <Method cyclomaticComplexity="1" nPathComplexity="1" sequenceCoverage="100" branchCoverage="100" isConstructor="True" isGetter="False" isSetter="False" isStatic="True">
              <Summary numSequencePoints="3" visitedSequencePoints="3" numBranchPoints="0" visitedBranchPoints="0" sequenceCoverage="100" branchCoverage="100" maxCyclomaticComplexity="1" minCyclomaticComplexity="1" visitedClasses="0" numClasses="0" visitedMethods="1" numMethods="1" />
              <MetadataToken />
              <Name>System.Void Marsop.Ephemeral.Core.OverlapException::.ctor(System.String,System.Exception)</Name>
              <FileRef uid="8" />
              <SequencePoints>
                <SequencePoint vc="1" uspid="32" ordinal="0" sl="32" sc="1" el="32" ec="2" bec="0" bev="0" fileid="8" />
                <SequencePoint vc="1" uspid="33" ordinal="1" sl="33" sc="1" el="33" ec="2" bec="0" bev="0" fileid="8" />
                <SequencePoint vc="1" uspid="34" ordinal="2" sl="34" sc="1" el="34" ec="2" bec="0" bev="0" fileid="8" />
              </SequencePoints>
              <BranchPoints />
              <MethodPoint vc="3" uspid="0" p8:type="SequencePoint" ordinal="3" offset="3" sc="0" sl="32" ec="1" el="34" bec="0" bev="0" fileid="8" xmlns:p8="xsi" />
            </Method>
            <Method cyclomaticComplexity="1" nPathComplexity="1" sequenceCoverage="100" branchCoverage="100" isConstructor="True" isGetter="False" isSetter="False" isStatic="True">
              <Summary numSequencePoints="3" visitedSequencePoints="3" numBranchPoints="0" visitedBranchPoints="0" sequenceCoverage="100" branchCoverage="100" maxCyclomaticComplexity="1" minCyclomaticComplexity="1" visitedClasses="0" numClasses="0" visitedMethods="1" numMethods="1" />
              <MetadataToken />
              <Name>System.Void Marsop.Ephemeral.Core.OverlapException::.ctor(System.String,System.String,System.Exception)</Name>
              <FileRef uid="8" />
              <SequencePoints>
                <SequencePoint vc="1" uspid="37" ordinal="0" sl="37" sc="1" el="37" ec="2" bec="0" bev="0" fileid="8" />
                <SequencePoint vc="1" uspid="38" ordinal="1" sl="38" sc="1" el="38" ec="2" bec="0" bev="0" fileid="8" />
                <SequencePoint vc="1" uspid="39" ordinal="2" sl="39" sc="1" el="39" ec="2" bec="0" bev="0" fileid="8" />
              </SequencePoints>
              <BranchPoints />
              <MethodPoint vc="3" uspid="0" p8:type="SequencePoint" ordinal="4" offset="4" sc="0" sl="37" ec="1" el="39" bec="0" bev="0" fileid="8" xmlns:p8="xsi" />
            </Method>
          </Methods>
        </Class>
        <Class>
          <Summary numSequencePoints="155" visitedSequencePoints="125" numBranchPoints="96" visitedBranchPoints="75" sequenceCoverage="80.64" branchCoverage="78.12" maxCyclomaticComplexity="24" minCyclomaticComplexity="1" visitedClasses="1" numClasses="1" visitedMethods="14" numMethods="17" />
          <FullName>Marsop.Ephemeral.Core.BasicIntervalExtensions</FullName>
          <Methods>
            <Method cyclomaticComplexity="4" nPathComplexity="4" sequenceCoverage="0" branchCoverage="0" isConstructor="False" isGetter="False" isSetter="False" isStatic="True">
              <Summary numSequencePoints="5" visitedSequencePoints="0" numBranchPoints="4" visitedBranchPoints="0" sequenceCoverage="0" branchCoverage="0" maxCyclomaticComplexity="4" minCyclomaticComplexity="4" visitedClasses="0" numClasses="0" visitedMethods="0" numMethods="1" />
              <MetadataToken />
              <Name>TLength Marsop.Ephemeral.Core.BasicIntervalExtensions::Measure(Marsop.Ephemeral.Core.IBasicInterval`1&lt;TBoundary&gt;,Marsop.Ephemeral.Core.ICanMeasure`2&lt;TBoundary,TLength&gt;)</Name>
              <FileRef uid="9" />
              <SequencePoints>
                <SequencePoint vc="0" uspid="16" ordinal="0" sl="16" sc="1" el="16" ec="2" bec="0" bev="0" fileid="9" />
                <SequencePoint vc="0" uspid="17" ordinal="1" sl="17" sc="1" el="17" ec="2" bec="2" bev="0" fileid="9" />
                <SequencePoint vc="0" uspid="18" ordinal="2" sl="18" sc="1" el="18" ec="2" bec="2" bev="0" fileid="9" />
                <SequencePoint vc="0" uspid="20" ordinal="3" sl="20" sc="1" el="20" ec="2" bec="0" bev="0" fileid="9" />
                <SequencePoint vc="0" uspid="21" ordinal="4" sl="21" sc="1" el="21" ec="2" bec="0" bev="0" fileid="9" />
              </SequencePoints>
              <BranchPoints>
                <BranchPoint vc="0" uspid="17" ordinal="0" path="0" offset="7" offsetend="9" sl="17" fileid="9" />
                <BranchPoint vc="0" uspid="17" ordinal="1" path="1" offset="7" offsetend="20" sl="17" fileid="9" />
                <BranchPoint vc="0" uspid="18" ordinal="2" path="0" offset="26" offsetend="28" sl="18" fileid="9" />
                <BranchPoint vc="0" uspid="18" ordinal="3" path="1" offset="26" offsetend="39" sl="18" fileid="9" />
              </BranchPoints>
              <MethodPoint vc="0" uspid="0" p8:type="SequencePoint" ordinal="0" offset="0" sc="0" sl="16" ec="1" el="21" bec="0" bev="0" fileid="9" xmlns:p8="xsi" />
            </Method>
            <Method cyclomaticComplexity="4" nPathComplexity="4" sequenceCoverage="100" branchCoverage="50" isConstructor="False" isGetter="False" isSetter="False" isStatic="True">
              <Summary numSequencePoints="10" visitedSequencePoints="10" numBranchPoints="4" visitedBranchPoints="2" sequenceCoverage="100" branchCoverage="50" maxCyclomaticComplexity="4" minCyclomaticComplexity="4" visitedClasses="0" numClasses="0" visitedMethods="1" numMethods="1" />
              <MetadataToken />
              <Name>Marsop.Ephemeral.Core.BasicMeasuredInterval`2&lt;TBoundary,TLength&gt; Marsop.Ephemeral.Core.BasicIntervalExtensions::WithMeaure(Marsop.Ephemeral.Core.IBasicInterval`1&lt;TBoundary&gt;,Marsop.Ephemeral.Core.ICanMeasure`2&lt;TBoundary,TLength&gt;)</Name>
              <FileRef uid="9" />
              <SequencePoints>
                <SequencePoint vc="44" uspid="28" ordinal="0" sl="28" sc="1" el="28" ec="2" bec="0" bev="0" fileid="9" />
                <SequencePoint vc="44" uspid="29" ordinal="1" sl="29" sc="1" el="29" ec="2" bec="2" bev="1" fileid="9" />
                <SequencePoint vc="44" uspid="30" ordinal="2" sl="30" sc="1" el="30" ec="2" bec="2" bev="1" fileid="9" />
                <SequencePoint vc="44" uspid="32" ordinal="3" sl="32" sc="1" el="32" ec="2" bec="0" bev="0" fileid="9" />
                <SequencePoint vc="44" uspid="33" ordinal="4" sl="33" sc="1" el="33" ec="2" bec="0" bev="0" fileid="9" />
                <SequencePoint vc="44" uspid="34" ordinal="5" sl="34" sc="1" el="34" ec="2" bec="0" bev="0" fileid="9" />
                <SequencePoint vc="44" uspid="35" ordinal="6" sl="35" sc="1" el="35" ec="2" bec="0" bev="0" fileid="9" />
                <SequencePoint vc="44" uspid="36" ordinal="7" sl="36" sc="1" el="36" ec="2" bec="0" bev="0" fileid="9" />
                <SequencePoint vc="44" uspid="37" ordinal="8" sl="37" sc="1" el="37" ec="2" bec="0" bev="0" fileid="9" />
                <SequencePoint vc="44" uspid="38" ordinal="9" sl="38" sc="1" el="38" ec="2" bec="0" bev="0" fileid="9" />
              </SequencePoints>
              <BranchPoints>
                <BranchPoint vc="0" uspid="29" ordinal="0" path="0" offset="7" offsetend="9" sl="29" fileid="9" />
                <BranchPoint vc="44" uspid="29" ordinal="1" path="1" offset="7" offsetend="20" sl="29" fileid="9" />
                <BranchPoint vc="0" uspid="30" ordinal="2" path="0" offset="26" offsetend="28" sl="30" fileid="9" />
                <BranchPoint vc="44" uspid="30" ordinal="3" path="1" offset="26" offsetend="39" sl="30" fileid="9" />
              </BranchPoints>
              <MethodPoint vc="10" uspid="0" p8:type="SequencePoint" ordinal="1" offset="1" sc="0" sl="28" ec="1" el="38" bec="0" bev="0" fileid="9" xmlns:p8="xsi" />
            </Method>
            <Method cyclomaticComplexity="10" nPathComplexity="10" sequenceCoverage="66.66" branchCoverage="80" isConstructor="False" isGetter="False" isSetter="False" isStatic="True">
              <Summary numSequencePoints="12" visitedSequencePoints="8" numBranchPoints="10" visitedBranchPoints="8" sequenceCoverage="66.66" branchCoverage="80" maxCyclomaticComplexity="10" minCyclomaticComplexity="10" visitedClasses="0" numClasses="0" visitedMethods="1" numMethods="1" />
              <MetadataToken />
              <Name>System.Boolean Marsop.Ephemeral.Core.BasicIntervalExtensions::IsEquivalentIntervalTo(Marsop.Ephemeral.Core.IBasicInterval`1&lt;TBoundary&gt;,Marsop.Ephemeral.Core.IBasicInterval`1&lt;TBoundary&gt;)</Name>
              <FileRef uid="9" />
              <SequencePoints>
                <SequencePoint vc="57" uspid="45" ordinal="0" sl="45" sc="1" el="45" ec="2" bec="0" bev="0" fileid="9" />
                <SequencePoint vc="57" uspid="46" ordinal="1" sl="46" sc="1" el="46" ec="2" bec="2" bev="1" fileid="9" />
                <SequencePoint vc="0" uspid="47" ordinal="2" sl="47" sc="1" el="47" ec="2" bec="0" bev="0" fileid="9" />
                <SequencePoint vc="0" uspid="48" ordinal="3" sl="48" sc="1" el="48" ec="2" bec="0" bev="0" fileid="9" />
                <SequencePoint vc="57" uspid="51" ordinal="4" sl="51" sc="1" el="51" ec="2" bec="2" bev="1" fileid="9" />
                <SequencePoint vc="0" uspid="52" ordinal="5" sl="52" sc="1" el="52" ec="2" bec="0" bev="0" fileid="9" />
                <SequencePoint vc="0" uspid="53" ordinal="6" sl="53" sc="1" el="53" ec="2" bec="0" bev="0" fileid="9" />
                <SequencePoint vc="57" uspid="56" ordinal="7" sl="56" sc="1" el="56" ec="2" bec="6" bev="6" fileid="9" />
                <SequencePoint vc="57" uspid="57" ordinal="8" sl="57" sc="1" el="57" ec="2" bec="0" bev="0" fileid="9" />
                <SequencePoint vc="57" uspid="58" ordinal="9" sl="58" sc="1" el="58" ec="2" bec="0" bev="0" fileid="9" />
                <SequencePoint vc="57" uspid="59" ordinal="10" sl="59" sc="1" el="59" ec="2" bec="0" bev="0" fileid="9" />
                <SequencePoint vc="57" uspid="60" ordinal="11" sl="60" sc="1" el="60" ec="2" bec="0" bev="0" fileid="9" />
              </SequencePoints>
              <BranchPoints>
                <BranchPoint vc="0" uspid="46" ordinal="0" path="0" offset="7" offsetend="9" sl="46" fileid="9" />
                <BranchPoint vc="57" uspid="46" ordinal="1" path="1" offset="7" offsetend="21" sl="46" fileid="9" />
                <BranchPoint vc="0" uspid="51" ordinal="2" path="0" offset="27" offsetend="29" sl="51" fileid="9" />
                <BranchPoint vc="57" uspid="51" ordinal="3" path="1" offset="27" offsetend="41" sl="51" fileid="9" />
                <BranchPoint vc="47" uspid="56" ordinal="4" path="0" offset="58" offsetend="60" sl="56" fileid="9" />
                <BranchPoint vc="38" uspid="56" ordinal="6" path="0" offset="77" offsetend="79" sl="56" fileid="9" />
                <BranchPoint vc="38" uspid="56" ordinal="8" path="0" offset="91" offsetend="93" sl="56" fileid="9" />
                <BranchPoint vc="19" uspid="56" ordinal="5" path="1" offset="58" offsetend="109" sl="56" fileid="9" />
                <BranchPoint vc="19" uspid="56" ordinal="7" path="1" offset="77" offsetend="109" sl="56" fileid="9" />
                <BranchPoint vc="19" uspid="56" ordinal="9" path="1" offset="91" offsetend="109" sl="56" fileid="9" />
              </BranchPoints>
              <MethodPoint vc="8" uspid="0" p8:type="SequencePoint" ordinal="2" offset="2" sc="0" sl="45" ec="1" el="60" bec="0" bev="0" fileid="9" xmlns:p8="xsi" />
            </Method>
            <Method cyclomaticComplexity="12" nPathComplexity="12" sequenceCoverage="86.66" branchCoverage="91.66" isConstructor="False" isGetter="False" isSetter="False" isStatic="True">
              <Summary numSequencePoints="15" visitedSequencePoints="13" numBranchPoints="12" visitedBranchPoints="11" sequenceCoverage="86.66" branchCoverage="91.66" maxCyclomaticComplexity="12" minCyclomaticComplexity="12" visitedClasses="0" numClasses="0" visitedMethods="1" numMethods="1" />
              <MetadataToken />
              <Name>System.Boolean Marsop.Ephemeral.Core.BasicIntervalExtensions::Covers(Marsop.Ephemeral.Core.IBasicInterval`1&lt;TBoundary&gt;,TBoundary)</Name>
              <FileRef uid="9" />
              <SequencePoints>
                <SequencePoint vc="194" uspid="73" ordinal="0" sl="73" sc="1" el="73" ec="2" bec="0" bev="0" fileid="9" />
                <SequencePoint vc="194" uspid="74" ordinal="1" sl="74" sc="1" el="74" ec="2" bec="2" bev="1" fileid="9" />
                <SequencePoint vc="0" uspid="75" ordinal="2" sl="75" sc="1" el="75" ec="2" bec="0" bev="0" fileid="9" />
                <SequencePoint vc="0" uspid="76" ordinal="3" sl="76" sc="1" el="76" ec="2" bec="0" bev="0" fileid="9" />
                <SequencePoint vc="194" uspid="79" ordinal="4" sl="79" sc="1" el="79" ec="2" bec="2" bev="2" fileid="9" />
                <SequencePoint vc="2" uspid="80" ordinal="5" sl="80" sc="1" el="80" ec="2" bec="0" bev="0" fileid="9" />
                <SequencePoint vc="2" uspid="81" ordinal="6" sl="81" sc="1" el="81" ec="2" bec="0" bev="0" fileid="9" />
                <SequencePoint vc="192" uspid="84" ordinal="7" sl="84" sc="1" el="84" ec="2" bec="4" bev="4" fileid="9" />
                <SequencePoint vc="24" uspid="85" ordinal="8" sl="85" sc="1" el="85" ec="2" bec="0" bev="0" fileid="9" />
                <SequencePoint vc="24" uspid="86" ordinal="9" sl="86" sc="1" el="86" ec="2" bec="0" bev="0" fileid="9" />
                <SequencePoint vc="168" uspid="89" ordinal="10" sl="89" sc="1" el="89" ec="2" bec="4" bev="4" fileid="9" />
                <SequencePoint vc="34" uspid="90" ordinal="11" sl="90" sc="1" el="90" ec="2" bec="0" bev="0" fileid="9" />
                <SequencePoint vc="34" uspid="91" ordinal="12" sl="91" sc="1" el="91" ec="2" bec="0" bev="0" fileid="9" />
                <SequencePoint vc="134" uspid="94" ordinal="13" sl="94" sc="1" el="94" ec="2" bec="0" bev="0" fileid="9" />
                <SequencePoint vc="194" uspid="95" ordinal="14" sl="95" sc="1" el="95" ec="2" bec="0" bev="0" fileid="9" />
              </SequencePoints>
              <BranchPoints>
                <BranchPoint vc="0" uspid="74" ordinal="0" path="0" offset="15" offsetend="17" sl="74" fileid="9" />
                <BranchPoint vc="194" uspid="74" ordinal="1" path="1" offset="15" offsetend="22" sl="74" fileid="9" />
                <BranchPoint vc="2" uspid="79" ordinal="2" path="0" offset="36" offsetend="38" sl="79" fileid="9" />
                <BranchPoint vc="192" uspid="79" ordinal="3" path="1" offset="36" offsetend="43" sl="79" fileid="9" />
                <BranchPoint vc="62" uspid="84" ordinal="4" path="0" offset="55" offsetend="57" sl="84" fileid="9" />
                <BranchPoint vc="130" uspid="84" ordinal="5" path="1" offset="55" offsetend="68" sl="84" fileid="9" />
                <BranchPoint vc="24" uspid="84" ordinal="6" path="0" offset="71" offsetend="73" sl="84" fileid="9" />
                <BranchPoint vc="168" uspid="84" ordinal="7" path="1" offset="71" offsetend="78" sl="84" fileid="9" />
                <BranchPoint vc="65" uspid="89" ordinal="8" path="0" offset="90" offsetend="92" sl="89" fileid="9" />
                <BranchPoint vc="103" uspid="89" ordinal="9" path="1" offset="90" offsetend="103" sl="89" fileid="9" />
                <BranchPoint vc="34" uspid="89" ordinal="10" path="0" offset="108" offsetend="110" sl="89" fileid="9" />
                <BranchPoint vc="134" uspid="89" ordinal="11" path="1" offset="108" offsetend="115" sl="89" fileid="9" />
              </BranchPoints>
              <MethodPoint vc="13" uspid="0" p8:type="SequencePoint" ordinal="3" offset="3" sc="0" sl="73" ec="1" el="95" bec="0" bev="0" fileid="9" xmlns:p8="xsi" />
            </Method>
            <Method cyclomaticComplexity="1" nPathComplexity="1" sequenceCoverage="100" branchCoverage="100" isConstructor="False" isGetter="False" isSetter="False" isStatic="True">
              <Summary numSequencePoints="5" visitedSequencePoints="5" numBranchPoints="0" visitedBranchPoints="0" sequenceCoverage="100" branchCoverage="100" maxCyclomaticComplexity="1" minCyclomaticComplexity="1" visitedClasses="0" numClasses="0" visitedMethods="1" numMethods="1" />
              <MetadataToken />
              <Name>Marsop.Ephemeral.Core.BasicInterval`1&lt;TBoundary&gt; Marsop.Ephemeral.Core.BasicIntervalExtensions::Shift(Marsop.Ephemeral.Core.IBasicInterval`1&lt;TBoundary&gt;,TLength,Marsop.Ephemeral.Core.ILengthOperator`2&lt;TBoundary,TLength&gt;)</Name>
              <FileRef uid="9" />
              <SequencePoints>
                <SequencePoint vc="8" uspid="108" ordinal="0" sl="108" sc="1" el="108" ec="2" bec="0" bev="0" fileid="9" />
                <SequencePoint vc="8" uspid="109" ordinal="1" sl="109" sc="1" el="109" ec="2" bec="0" bev="0" fileid="9" />
                <SequencePoint vc="8" uspid="110" ordinal="2" sl="110" sc="1" el="110" ec="2" bec="0" bev="0" fileid="9" />
                <SequencePoint vc="8" uspid="112" ordinal="3" sl="112" sc="1" el="112" ec="2" bec="0" bev="0" fileid="9" />
                <SequencePoint vc="8" uspid="113" ordinal="4" sl="113" sc="1" el="113" ec="2" bec="0" bev="0" fileid="9" />
              </SequencePoints>
              <BranchPoints />
              <MethodPoint vc="5" uspid="0" p8:type="SequencePoint" ordinal="4" offset="4" sc="0" sl="108" ec="1" el="113" bec="0" bev="0" fileid="9" xmlns:p8="xsi" />
            </Method>
            <Method cyclomaticComplexity="1" nPathComplexity="1" sequenceCoverage="100" branchCoverage="100" isConstructor="False" isGetter="False" isSetter="False" isStatic="True">
              <Summary numSequencePoints="4" visitedSequencePoints="4" numBranchPoints="0" visitedBranchPoints="0" sequenceCoverage="100" branchCoverage="100" maxCyclomaticComplexity="1" minCyclomaticComplexity="1" visitedClasses="0" numClasses="0" visitedMethods="1" numMethods="1" />
              <MetadataToken />
              <Name>Marsop.Ephemeral.Core.BasicInterval`1&lt;TBoundary&gt; Marsop.Ephemeral.Core.BasicIntervalExtensions::ShiftStart(Marsop.Ephemeral.Core.IBasicInterval`1&lt;TBoundary&gt;,TLength,Marsop.Ephemeral.Core.ILengthOperator`2&lt;TBoundary,TLength&gt;)</Name>
              <FileRef uid="9" />
              <SequencePoints>
                <SequencePoint vc="5" uspid="126" ordinal="0" sl="126" sc="1" el="126" ec="2" bec="0" bev="0" fileid="9" />
                <SequencePoint vc="5" uspid="127" ordinal="1" sl="127" sc="1" el="127" ec="2" bec="0" bev="0" fileid="9" />
                <SequencePoint vc="5" uspid="129" ordinal="2" sl="129" sc="1" el="129" ec="2" bec="0" bev="0" fileid="9" />
                <SequencePoint vc="5" uspid="130" ordinal="3" sl="130" sc="1" el="130" ec="2" bec="0" bev="0" fileid="9" />
              </SequencePoints>
              <BranchPoints />
              <MethodPoint vc="4" uspid="0" p8:type="SequencePoint" ordinal="5" offset="5" sc="0" sl="126" ec="1" el="130" bec="0" bev="0" fileid="9" xmlns:p8="xsi" />
            </Method>
            <Method cyclomaticComplexity="1" nPathComplexity="1" sequenceCoverage="100" branchCoverage="100" isConstructor="False" isGetter="False" isSetter="False" isStatic="True">
              <Summary numSequencePoints="4" visitedSequencePoints="4" numBranchPoints="0" visitedBranchPoints="0" sequenceCoverage="100" branchCoverage="100" maxCyclomaticComplexity="1" minCyclomaticComplexity="1" visitedClasses="0" numClasses="0" visitedMethods="1" numMethods="1" />
              <MetadataToken />
              <Name>Marsop.Ephemeral.Core.BasicInterval`1&lt;TBoundary&gt; Marsop.Ephemeral.Core.BasicIntervalExtensions::ShiftEnd(Marsop.Ephemeral.Core.IBasicInterval`1&lt;TBoundary&gt;,TLength,Marsop.Ephemeral.Core.ILengthOperator`2&lt;TBoundary,TLength&gt;)</Name>
              <FileRef uid="9" />
              <SequencePoints>
                <SequencePoint vc="5" uspid="143" ordinal="0" sl="143" sc="1" el="143" ec="2" bec="0" bev="0" fileid="9" />
                <SequencePoint vc="5" uspid="144" ordinal="1" sl="144" sc="1" el="144" ec="2" bec="0" bev="0" fileid="9" />
                <SequencePoint vc="5" uspid="146" ordinal="2" sl="146" sc="1" el="146" ec="2" bec="0" bev="0" fileid="9" />
                <SequencePoint vc="5" uspid="147" ordinal="3" sl="147" sc="1" el="147" ec="2" bec="0" bev="0" fileid="9" />
              </SequencePoints>
              <BranchPoints />
              <MethodPoint vc="4" uspid="0" p8:type="SequencePoint" ordinal="6" offset="6" sc="0" sl="143" ec="1" el="147" bec="0" bev="0" fileid="9" xmlns:p8="xsi" />
            </Method>
            <Method cyclomaticComplexity="2" nPathComplexity="2" sequenceCoverage="100" branchCoverage="100" isConstructor="False" isGetter="False" isSetter="False" isStatic="True">
              <Summary numSequencePoints="7" visitedSequencePoints="7" numBranchPoints="2" visitedBranchPoints="2" sequenceCoverage="100" branchCoverage="100" maxCyclomaticComplexity="2" minCyclomaticComplexity="2" visitedClasses="0" numClasses="0" visitedMethods="1" numMethods="1" />
              <MetadataToken />
              <Name>System.Boolean Marsop.Ephemeral.Core.BasicIntervalExtensions::Covers(Marsop.Ephemeral.Core.IBasicInterval`1&lt;TBoundary&gt;,Marsop.Ephemeral.Core.IBasicInterval`1&lt;TBoundary&gt;)</Name>
              <FileRef uid="9" />
              <SequencePoints>
                <SequencePoint vc="25" uspid="162" ordinal="0" sl="162" sc="1" el="162" ec="2" bec="0" bev="0" fileid="9" />
                <SequencePoint vc="25" uspid="163" ordinal="1" sl="163" sc="1" el="163" ec="2" bec="2" bev="2" fileid="9" />
                <SequencePoint vc="25" uspid="164" ordinal="2" sl="164" sc="1" el="164" ec="2" bec="0" bev="0" fileid="9" />
                <SequencePoint vc="25" uspid="165" ordinal="3" sl="165" sc="1" el="165" ec="2" bec="0" bev="0" fileid="9" />
                <SequencePoint vc="25" uspid="166" ordinal="4" sl="166" sc="1" el="166" ec="2" bec="0" bev="0" fileid="9" />
                <SequencePoint vc="25" uspid="167" ordinal="5" sl="167" sc="1" el="167" ec="2" bec="0" bev="0" fileid="9" />
                <SequencePoint vc="25" uspid="168" ordinal="6" sl="168" sc="1" el="168" ec="2" bec="0" bev="0" fileid="9" />
              </SequencePoints>
              <BranchPoints>
                <BranchPoint vc="1" uspid="163" ordinal="0" path="0" offset="47" offsetend="49" sl="163" fileid="9" />
                <BranchPoint vc="24" uspid="163" ordinal="1" path="1" offset="47" offsetend="72" sl="163" fileid="9" />
              </BranchPoints>
              <MethodPoint vc="7" uspid="0" p8:type="SequencePoint" ordinal="7" offset="7" sc="0" sl="162" ec="1" el="168" bec="0" bev="0" fileid="9" xmlns:p8="xsi" />
            </Method>
[...]
                <SequencePoint vc="0" uspid="172" ordinal="1" sl="172" sc="1" el="172" ec="2" bec="4" bev="0" fileid="16" />
                <SequencePoint vc="0" uspid="173" ordinal="2" sl="173" sc="1" el="173" ec="2" bec="0" bev="0" fileid="16" />
                <SequencePoint vc="0" uspid="174" ordinal="3" sl="174" sc="1" el="174" ec="2" bec="0" bev="0" fileid="16" />
                <SequencePoint vc="0" uspid="175" ordinal="4" sl="175" sc="1" el="175" ec="2" bec="0" bev="0" fileid="16" />
                <SequencePoint vc="0" uspid="177" ordinal="5" sl="177" sc="1" el="177" ec="2" bec="0" bev="0" fileid="16" />
                <SequencePoint vc="0" uspid="178" ordinal="6" sl="178" sc="1" el="178" ec="2" bec="0" bev="0" fileid="16" />
                <SequencePoint vc="0" uspid="180" ordinal="7" sl="180" sc="1" el="180" ec="2" bec="0" bev="0" fileid="16" />
              </SequencePoints>
              <BranchPoints>
                <BranchPoint vc="0" uspid="172" ordinal="0" path="0" offset="3" offsetend="5" sl="172" fileid="16" />
                <BranchPoint vc="0" uspid="172" ordinal="1" path="1" offset="3" offsetend="21" sl="172" fileid="16" />
                <BranchPoint vc="0" uspid="172" ordinal="2" path="0" offset="24" offsetend="26" sl="172" fileid="16" />
                <BranchPoint vc="0" uspid="172" ordinal="3" path="1" offset="24" offsetend="43" sl="172" fileid="16" />
              </BranchPoints>
              <MethodPoint vc="0" uspid="0" p8:type="SequencePoint" ordinal="19" offset="19" sc="0" sl="171" ec="1" el="180" bec="0" bev="0" fileid="16" xmlns:p8="xsi" />
            </Method>
            <Method cyclomaticComplexity="2" nPathComplexity="2" sequenceCoverage="80" branchCoverage="50" isConstructor="True" isGetter="False" isSetter="False" isStatic="True">
              <Summary numSequencePoints="10" visitedSequencePoints="8" numBranchPoints="2" visitedBranchPoints="1" sequenceCoverage="80" branchCoverage="50" maxCyclomaticComplexity="2" minCyclomaticComplexity="2" visitedClasses="0" numClasses="0" visitedMethods="1" numMethods="1" />
              <MetadataToken />
              <Name>System.Void Marsop.Ephemeral.Core.DisjointIntervalSet`2::.ctor(Marsop.Ephemeral.Core.ILengthOperator`2&lt;TBoundary,TLength&gt;)</Name>
              <FileRef uid="16" />
              <SequencePoints>
                <SequencePoint vc="58" uspid="23" ordinal="0" sl="23" sc="1" el="23" ec="2" bec="0" bev="0" fileid="16" />
                <SequencePoint vc="58" uspid="24" ordinal="1" sl="24" sc="1" el="24" ec="2" bec="0" bev="0" fileid="16" />
                <SequencePoint vc="58" uspid="29" ordinal="2" sl="29" sc="1" el="29" ec="2" bec="0" bev="0" fileid="16" />
                <SequencePoint vc="58" uspid="30" ordinal="3" sl="30" sc="1" el="30" ec="2" bec="0" bev="0" fileid="16" />
                <SequencePoint vc="58" uspid="31" ordinal="4" sl="31" sc="1" el="31" ec="2" bec="0" bev="0" fileid="16" />
                <SequencePoint vc="58" uspid="32" ordinal="5" sl="32" sc="1" el="32" ec="2" bec="2" bev="1" fileid="16" />
                <SequencePoint vc="0" uspid="33" ordinal="6" sl="33" sc="1" el="33" ec="2" bec="0" bev="0" fileid="16" />
                <SequencePoint vc="0" uspid="34" ordinal="7" sl="34" sc="1" el="34" ec="2" bec="0" bev="0" fileid="16" />
                <SequencePoint vc="58" uspid="37" ordinal="8" sl="37" sc="1" el="37" ec="2" bec="0" bev="0" fileid="16" />
                <SequencePoint vc="58" uspid="38" ordinal="9" sl="38" sc="1" el="38" ec="2" bec="0" bev="0" fileid="16" />
              </SequencePoints>
              <BranchPoints>
                <BranchPoint vc="0" uspid="32" ordinal="0" path="0" offset="30" offsetend="32" sl="32" fileid="16" />
                <BranchPoint vc="58" uspid="32" ordinal="1" path="1" offset="30" offsetend="44" sl="32" fileid="16" />
              </BranchPoints>
              <MethodPoint vc="8" uspid="0" p8:type="SequencePoint" ordinal="20" offset="20" sc="0" sl="23" ec="1" el="38" bec="0" bev="0" fileid="16" xmlns:p8="xsi" />
            </Method>
            <Method cyclomaticComplexity="8" nPathComplexity="8" sequenceCoverage="84.61" branchCoverage="75" isConstructor="True" isGetter="False" isSetter="False" isStatic="True">
              <Summary numSequencePoints="13" visitedSequencePoints="11" numBranchPoints="8" visitedBranchPoints="6" sequenceCoverage="84.61" branchCoverage="75" maxCyclomaticComplexity="8" minCyclomaticComplexity="8" visitedClasses="0" numClasses="0" visitedMethods="1" numMethods="1" />
              <MetadataToken />
              <Name>System.Void Marsop.Ephemeral.Core.DisjointIntervalSet`2::.ctor(Marsop.Ephemeral.Core.ILengthOperator`2&lt;TBoundary,TLength&gt;,Marsop.Ephemeral.Core.IBasicInterval`1&lt;TBoundary&gt;[])</Name>
              <FileRef uid="16" />
              <SequencePoints>
                <SequencePoint vc="35" uspid="48" ordinal="0" sl="48" sc="1" el="48" ec="2" bec="0" bev="0" fileid="16" />
                <SequencePoint vc="35" uspid="49" ordinal="1" sl="49" sc="1" el="49" ec="2" bec="0" bev="0" fileid="16" />
                <SequencePoint vc="35" uspid="50" ordinal="2" sl="50" sc="1" el="50" ec="2" bec="2" bev="1" fileid="16" />
                <SequencePoint vc="0" uspid="51" ordinal="3" sl="51" sc="1" el="51" ec="2" bec="0" bev="0" fileid="16" />
                <SequencePoint vc="0" uspid="52" ordinal="4" sl="52" sc="1" el="52" ec="2" bec="0" bev="0" fileid="16" />
                <SequencePoint vc="35" uspid="55" ordinal="5" sl="55" sc="1" el="55" ec="2" bec="4" bev="3" fileid="16" />
                <SequencePoint vc="32" uspid="56" ordinal="6" sl="56" sc="1" el="56" ec="2" bec="0" bev="0" fileid="16" />
                <SequencePoint vc="168" uspid="57" ordinal="7" sl="57" sc="1" el="57" ec="2" bec="2" bev="2" fileid="16" />
                <SequencePoint vc="36" uspid="58" ordinal="8" sl="58" sc="1" el="58" ec="2" bec="0" bev="0" fileid="16" />
                <SequencePoint vc="36" uspid="59" ordinal="9" sl="59" sc="1" el="59" ec="2" bec="0" bev="0" fileid="16" />
                <SequencePoint vc="36" uspid="60" ordinal="10" sl="60" sc="1" el="60" ec="2" bec="0" bev="0" fileid="16" />
                <SequencePoint vc="32" uspid="61" ordinal="11" sl="61" sc="1" el="61" ec="2" bec="0" bev="0" fileid="16" />
                <SequencePoint vc="35" uspid="62" ordinal="12" sl="62" sc="1" el="62" ec="2" bec="0" bev="0" fileid="16" />
              </SequencePoints>
              <BranchPoints>
                <BranchPoint vc="0" uspid="50" ordinal="0" path="0" offset="15" offsetend="17" sl="50" fileid="16" />
                <BranchPoint vc="35" uspid="50" ordinal="1" path="1" offset="15" offsetend="29" sl="50" fileid="16" />
                <BranchPoint vc="0" uspid="55" ordinal="2" path="0" offset="30" offsetend="32" sl="55" fileid="16" />
                <BranchPoint vc="35" uspid="55" ordinal="3" path="1" offset="30" offsetend="35" sl="55" fileid="16" />
                <BranchPoint vc="32" uspid="55" ordinal="4" path="0" offset="46" offsetend="48" sl="55" fileid="16" />
                <BranchPoint vc="36" uspid="57" ordinal="7" path="1" offset="80" offsetend="56" sl="57" fileid="16" />
                <BranchPoint vc="32" uspid="57" ordinal="6" path="0" offset="80" offsetend="82" sl="57" fileid="16" />
                <BranchPoint vc="3" uspid="55" ordinal="5" path="1" offset="46" offsetend="83" sl="55" fileid="16" />
              </BranchPoints>
              <MethodPoint vc="11" uspid="0" p8:type="SequencePoint" ordinal="21" offset="21" sc="0" sl="48" ec="1" el="62" bec="0" bev="0" fileid="16" xmlns:p8="xsi" />
            </Method>
            <Method cyclomaticComplexity="4" nPathComplexity="4" sequenceCoverage="80" branchCoverage="75" isConstructor="True" isGetter="False" isSetter="False" isStatic="True">
              <Summary numSequencePoints="10" visitedSequencePoints="8" numBranchPoints="4" visitedBranchPoints="3" sequenceCoverage="80" branchCoverage="75" maxCyclomaticComplexity="4" minCyclomaticComplexity="4" visitedClasses="0" numClasses="0" visitedMethods="1" numMethods="1" />
              <MetadataToken />
              <Name>System.Void Marsop.Ephemeral.Core.DisjointIntervalSet`2::.ctor(Marsop.Ephemeral.Core.ILengthOperator`2&lt;TBoundary,TLength&gt;,System.Collections.Generic.IEnumerable`1&lt;Marsop.Ephemeral.Core.IBasicInterval`1&lt;TBoundary&gt;&gt;)</Name>
              <FileRef uid="16" />
              <SequencePoints>
                <SequencePoint vc="1" uspid="72" ordinal="0" sl="72" sc="1" el="72" ec="2" bec="0" bev="0" fileid="16" />
                <SequencePoint vc="1" uspid="73" ordinal="1" sl="73" sc="1" el="73" ec="2" bec="0" bev="0" fileid="16" />
                <SequencePoint vc="1" uspid="74" ordinal="2" sl="74" sc="1" el="74" ec="2" bec="2" bev="1" fileid="16" />
                <SequencePoint vc="0" uspid="75" ordinal="3" sl="75" sc="1" el="75" ec="2" bec="0" bev="0" fileid="16" />
                <SequencePoint vc="0" uspid="76" ordinal="4" sl="76" sc="1" el="76" ec="2" bec="0" bev="0" fileid="16" />
                <SequencePoint vc="5" uspid="79" ordinal="5" sl="79" sc="1" el="79" ec="2" bec="2" bev="2" fileid="16" />
                <SequencePoint vc="1" uspid="80" ordinal="6" sl="80" sc="1" el="80" ec="2" bec="0" bev="0" fileid="16" />
                <SequencePoint vc="1" uspid="81" ordinal="7" sl="81" sc="1" el="81" ec="2" bec="0" bev="0" fileid="16" />
                <SequencePoint vc="1" uspid="82" ordinal="8" sl="82" sc="1" el="82" ec="2" bec="0" bev="0" fileid="16" />
                <SequencePoint vc="1" uspid="83" ordinal="9" sl="83" sc="1" el="83" ec="2" bec="0" bev="0" fileid="16" />
              </SequencePoints>
              <BranchPoints>
                <BranchPoint vc="0" uspid="74" ordinal="0" path="0" offset="15" offsetend="17" sl="74" fileid="16" />
                <BranchPoint vc="1" uspid="74" ordinal="1" path="1" offset="15" offsetend="29" sl="74" fileid="16" />
                <BranchPoint vc="1" uspid="79" ordinal="3" path="1" offset="62" offsetend="39" sl="79" fileid="16" />
                <BranchPoint vc="1" uspid="79" ordinal="2" path="0" offset="62" offsetend="64" sl="79" fileid="16" />
              </BranchPoints>
              <MethodPoint vc="8" uspid="0" p8:type="SequencePoint" ordinal="22" offset="22" sc="0" sl="72" ec="1" el="83" bec="0" bev="0" fileid="16" xmlns:p8="xsi" />
            </Method>
          </Methods>
        </Class>
        <Class>
          <Summary numSequencePoints="5" visitedSequencePoints="5" numBranchPoints="0" visitedBranchPoints="0" sequenceCoverage="100" branchCoverage="100" maxCyclomaticComplexity="1" minCyclomaticComplexity="1" visitedClasses="1" numClasses="1" visitedMethods="3" numMethods="3" />
          <FullName>Marsop.Ephemeral.Core.FullInterval`2</FullName>
          <Methods>
            <Method cyclomaticComplexity="1" nPathComplexity="1" sequenceCoverage="100" branchCoverage="100" isConstructor="False" isGetter="False" isSetter="False" isStatic="True">
              <Summary numSequencePoints="1" visitedSequencePoints="1" numBranchPoints="0" visitedBranchPoints="0" sequenceCoverage="100" branchCoverage="100" maxCyclomaticComplexity="1" minCyclomaticComplexity="1" visitedClasses="0" numClasses="0" visitedMethods="1" numMethods="1" />
              <MetadataToken />
              <Name>TLength Marsop.Ephemeral.Core.FullInterval`2::DefaultMeasure()</Name>
              <FileRef uid="17" />
              <SequencePoints>
                <SequencePoint vc="3" uspid="20" ordinal="0" sl="20" sc="1" el="20" ec="2" bec="0" bev="0" fileid="17" />
              </SequencePoints>
              <BranchPoints />
              <MethodPoint vc="1" uspid="0" p8:type="SequencePoint" ordinal="0" offset="0" sc="0" sl="20" ec="1" el="20" bec="0" bev="0" fileid="17" xmlns:p8="xsi" />
            </Method>
            <Method cyclomaticComplexity="1" nPathComplexity="1" sequenceCoverage="100" branchCoverage="100" isConstructor="False" isGetter="False" isSetter="False" isStatic="True">
              <Summary numSequencePoints="1" visitedSequencePoints="1" numBranchPoints="0" visitedBranchPoints="0" sequenceCoverage="100" branchCoverage="100" maxCyclomaticComplexity="1" minCyclomaticComplexity="1" visitedClasses="0" numClasses="0" visitedMethods="1" numMethods="1" />
              <MetadataToken />
              <Name>System.String Marsop.Ephemeral.Core.FullInterval`2::ToString()</Name>
              <FileRef uid="17" />
              <SequencePoints>
                <SequencePoint vc="4" uspid="22" ordinal="0" sl="22" sc="1" el="22" ec="2" bec="0" bev="0" fileid="17" />
              </SequencePoints>
              <BranchPoints />
              <MethodPoint vc="1" uspid="0" p8:type="SequencePoint" ordinal="1" offset="1" sc="0" sl="22" ec="1" el="22" bec="0" bev="0" fileid="17" xmlns:p8="xsi" />
            </Method>
            <Method cyclomaticComplexity="1" nPathComplexity="1" sequenceCoverage="100" branchCoverage="100" isConstructor="True" isGetter="False" isSetter="False" isStatic="True">
              <Summary numSequencePoints="3" visitedSequencePoints="3" numBranchPoints="0" visitedBranchPoints="0" sequenceCoverage="100" branchCoverage="100" maxCyclomaticComplexity="1" minCyclomaticComplexity="1" visitedClasses="0" numClasses="0" visitedMethods="1" numMethods="1" />
              <MetadataToken />
              <Name>System.Void Marsop.Ephemeral.Core.FullInterval`2::.ctor(TBoundary,TBoundary,System.Boolean,System.Boolean)</Name>
              <FileRef uid="17" />
              <SequencePoints>
                <SequencePoint vc="145" uspid="14" ordinal="0" sl="14" sc="1" el="14" ec="2" bec="0" bev="0" fileid="17" />
                <SequencePoint vc="145" uspid="15" ordinal="1" sl="15" sc="1" el="15" ec="2" bec="0" bev="0" fileid="17" />
                <SequencePoint vc="145" uspid="16" ordinal="2" sl="16" sc="1" el="16" ec="2" bec="0" bev="0" fileid="17" />
              </SequencePoints>
              <BranchPoints />
              <MethodPoint vc="3" uspid="0" p8:type="SequencePoint" ordinal="2" offset="2" sc="0" sl="14" ec="1" el="16" bec="0" bev="0" fileid="17" xmlns:p8="xsi" />
            </Method>
          </Methods>
        </Class>
        <Class>
          <Summary numSequencePoints="19" visitedSequencePoints="15" numBranchPoints="14" visitedBranchPoints="12" sequenceCoverage="78.94" branchCoverage="85.71" maxCyclomaticComplexity="14" minCyclomaticComplexity="14" visitedClasses="1" numClasses="1" visitedMethods="1" numMethods="1" />
          <FullName>Marsop.Ephemeral.Core.Implementation.IntervalStartComparer`1</FullName>
          <Methods>
            <Method cyclomaticComplexity="14" nPathComplexity="14" sequenceCoverage="78.94" branchCoverage="85.71" isConstructor="False" isGetter="False" isSetter="False" isStatic="True">
              <Summary numSequencePoints="19" visitedSequencePoints="15" numBranchPoints="14" visitedBranchPoints="12" sequenceCoverage="78.94" branchCoverage="85.71" maxCyclomaticComplexity="14" minCyclomaticComplexity="14" visitedClasses="0" numClasses="0" visitedMethods="1" numMethods="1" />
              <MetadataToken />
              <Name>System.Int32 Marsop.Ephemeral.Core.Implementation.IntervalStartComparer`1::Compare(Marsop.Ephemeral.Core.IBasicInterval`1&lt;TBoundary&gt;,Marsop.Ephemeral.Core.IBasicInterval`1&lt;TBoundary&gt;)</Name>
              <FileRef uid="18" />
              <SequencePoints>
                <SequencePoint vc="18" uspid="19" ordinal="0" sl="19" sc="1" el="19" ec="2" bec="0" bev="0" fileid="18" />
                <SequencePoint vc="18" uspid="20" ordinal="1" sl="20" sc="1" el="20" ec="2" bec="2" bev="1" fileid="18" />
                <SequencePoint vc="0" uspid="21" ordinal="2" sl="21" sc="1" el="21" ec="2" bec="0" bev="0" fileid="18" />
                <SequencePoint vc="0" uspid="22" ordinal="3" sl="22" sc="1" el="22" ec="2" bec="0" bev="0" fileid="18" />
                <SequencePoint vc="18" uspid="25" ordinal="4" sl="25" sc="1" el="25" ec="2" bec="2" bev="1" fileid="18" />
                <SequencePoint vc="0" uspid="26" ordinal="5" sl="26" sc="1" el="26" ec="2" bec="0" bev="0" fileid="18" />
                <SequencePoint vc="0" uspid="27" ordinal="6" sl="27" sc="1" el="27" ec="2" bec="0" bev="0" fileid="18" />
                <SequencePoint vc="18" uspid="30" ordinal="7" sl="30" sc="1" el="30" ec="2" bec="0" bev="0" fileid="18" />
                <SequencePoint vc="18" uspid="31" ordinal="8" sl="31" sc="1" el="31" ec="2" bec="2" bev="2" fileid="18" />
                <SequencePoint vc="14" uspid="32" ordinal="9" sl="32" sc="1" el="32" ec="2" bec="0" bev="0" fileid="18" />
                <SequencePoint vc="14" uspid="33" ordinal="10" sl="33" sc="1" el="33" ec="2" bec="0" bev="0" fileid="18" />
                <SequencePoint vc="4" uspid="36" ordinal="11" sl="36" sc="1" el="36" ec="2" bec="4" bev="4" fileid="18" />
                <SequencePoint vc="1" uspid="37" ordinal="12" sl="37" sc="1" el="37" ec="2" bec="0" bev="0" fileid="18" />
                <SequencePoint vc="1" uspid="38" ordinal="13" sl="38" sc="1" el="38" ec="2" bec="0" bev="0" fileid="18" />
                <SequencePoint vc="3" uspid="41" ordinal="14" sl="41" sc="1" el="41" ec="2" bec="4" bev="4" fileid="18" />
                <SequencePoint vc="1" uspid="42" ordinal="15" sl="42" sc="1" el="42" ec="2" bec="0" bev="0" fileid="18" />
                <SequencePoint vc="1" uspid="43" ordinal="16" sl="43" sc="1" el="43" ec="2" bec="0" bev="0" fileid="18" />
                <SequencePoint vc="2" uspid="46" ordinal="17" sl="46" sc="1" el="46" ec="2" bec="0" bev="0" fileid="18" />
                <SequencePoint vc="18" uspid="47" ordinal="18" sl="47" sc="1" el="47" ec="2" bec="0" bev="0" fileid="18" />
              </SequencePoints>
              <BranchPoints>
                <BranchPoint vc="0" uspid="20" ordinal="0" path="0" offset="7" offsetend="9" sl="20" fileid="18" />
                <BranchPoint vc="18" uspid="20" ordinal="1" path="1" offset="7" offsetend="21" sl="20" fileid="18" />
                <BranchPoint vc="0" uspid="25" ordinal="2" path="0" offset="27" offsetend="29" sl="25" fileid="18" />
                <BranchPoint vc="18" uspid="25" ordinal="3" path="1" offset="27" offsetend="41" sl="25" fileid="18" />
                <BranchPoint vc="14" uspid="31" ordinal="4" path="0" offset="76" offsetend="78" sl="31" fileid="18" />
                <BranchPoint vc="4" uspid="31" ordinal="5" path="1" offset="76" offsetend="84" sl="31" fileid="18" />
                <BranchPoint vc="2" uspid="36" ordinal="6" path="0" offset="90" offsetend="92" sl="36" fileid="18" />
                <BranchPoint vc="2" uspid="36" ordinal="7" path="1" offset="90" offsetend="103" sl="36" fileid="18" />
                <BranchPoint vc="1" uspid="36" ordinal="8" path="0" offset="108" offsetend="110" sl="36" fileid="18" />
                <BranchPoint vc="3" uspid="36" ordinal="9" path="1" offset="108" offsetend="116" sl="36" fileid="18" />
                <BranchPoint vc="2" uspid="41" ordinal="10" path="0" offset="122" offsetend="124" sl="41" fileid="18" />
                <BranchPoint vc="1" uspid="41" ordinal="11" path="1" offset="122" offsetend="132" sl="41" fileid="18" />
                <BranchPoint vc="1" uspid="41" ordinal="12" path="0" offset="137" offsetend="139" sl="41" fileid="18" />
                <BranchPoint vc="2" uspid="41" ordinal="13" path="1" offset="137" offsetend="145" sl="41" fileid="18" />
              </BranchPoints>
              <MethodPoint vc="15" uspid="0" p8:type="SequencePoint" ordinal="0" offset="0" sc="0" sl="19" ec="1" el="47" bec="0" bev="0" fileid="18" xmlns:p8="xsi" />
            </Method>
          </Methods>
        </Class>
      </Classes>
    </Module>
  </Modules>
</CoverageSession>